"../../../Engine/Content/EngineResources/DefaultTexture.ubulk" 0
"../../../Engine/Content/EngineResources/DefaultTexture.uasset" 1
"../../../Engine/Content/EngineResources/DefaultTexture.uexp" 2
"../../../Engine/Content/EngineResources/DefaultTextureCube.uasset" 3
"../../../Engine/Content/EngineResources/DefaultTextureCube.uexp" 4
"../../../Engine/Content/EngineResources/DefaultVolumeTexture2D.uasset" 5
"../../../Engine/Content/EngineResources/DefaultVolumeTexture2D.uexp" 6
"../../../Engine/Content/EngineResources/DefaultVolumeTexture.uasset" 7
"../../../Engine/Content/EngineResources/DefaultVolumeTexture.uexp" 8
"../../../Engine/Content/EngineMeshes/Sphere.ubulk" 9
"../../../Engine/Content/EngineMeshes/Sphere.uasset" 10
"../../../Engine/Content/EngineMeshes/Sphere.uexp" 11
"../../../Engine/Content/EngineResources/GradientTexture0.uasset" 12
"../../../Engine/Content/EngineResources/GradientTexture0.uexp" 13
"../../../Engine/Content/EngineResources/Black.uasset" 14
"../../../Engine/Content/EngineResources/Black.uexp" 15
"../../../Engine/Content/EngineMaterials/T_Default_Material_Grid_M.ubulk" 16
"../../../Engine/Content/EngineMaterials/T_Default_Material_Grid_M.uasset" 17
"../../../Engine/Content/EngineMaterials/T_Default_Material_Grid_M.uexp" 18
"../../../Engine/Content/EngineMaterials/T_Default_Material_Grid_N.ubulk" 19
"../../../Engine/Content/EngineMaterials/T_Default_Material_Grid_N.uasset" 20
"../../../Engine/Content/EngineMaterials/T_Default_Material_Grid_N.uexp" 21
"../../../Engine/Content/Functions/Engine_MaterialFunctions01/Opacity/CameraDepthFade.uasset" 22
"../../../Engine/Content/Functions/Engine_MaterialFunctions01/Opacity/CameraDepthFade.uexp" 23
"../../../Engine/Content/EngineMaterials/WorldGridMaterial.uasset" 24
"../../../Engine/Content/EngineMaterials/WorldGridMaterial.uexp" 25
"../../../Engine/Content/ArtTools/RenderToTexture/Meshes/S_1_Unit_Plane.ubulk" 26
"../../../Engine/Content/ArtTools/RenderToTexture/Meshes/S_1_Unit_Plane.uasset" 27
"../../../Engine/Content/ArtTools/RenderToTexture/Meshes/S_1_Unit_Plane.uexp" 28
"../../../Engine/Plugins/Media/MediaPlate/Content/SM_MediaPlateScreen.ubulk" 29
"../../../Engine/Plugins/Media/MediaPlate/Content/SM_MediaPlateScreen.uasset" 30
"../../../Engine/Plugins/Media/MediaPlate/Content/SM_MediaPlateScreen.uexp" 31
"../../../Engine/Content/EngineMaterials/Good64x64TilingNoiseHighFreq.uasset" 32
"../../../Engine/Content/EngineMaterials/Good64x64TilingNoiseHighFreq.uexp" 33
"../../../Engine/Content/EngineMaterials/DefaultBokeh.uasset" 34
"../../../Engine/Content/EngineMaterials/DefaultBokeh.uexp" 35
"../../../Engine/Content/EngineMaterials/PreintegratedSkinBRDF.uasset" 36
"../../../Engine/Content/EngineMaterials/PreintegratedSkinBRDF.uexp" 37
"../../../Engine/Content/EngineMaterials/MiniFont.uasset" 38
"../../../Engine/Content/EngineMaterials/MiniFont.uexp" 39
"../../../Engine/Content/EngineMaterials/WeightMapPlaceholderTexture.uasset" 40
"../../../Engine/Content/EngineMaterials/WeightMapPlaceholderTexture.uexp" 41
"../../../Engine/Content/EngineMaterials/DefaultWhiteGrid.ubulk" 42
"../../../Engine/Content/EngineMaterials/DefaultWhiteGrid.uasset" 43
"../../../Engine/Content/EngineMaterials/DefaultWhiteGrid.uexp" 44
"../../../Engine/Content/EngineMaterials/DefaultMaterial.uasset" 45
"../../../Engine/Content/EngineMaterials/DefaultMaterial.uexp" 46
"../../../Engine/Content/BasicShapes/Sphere.ubulk" 47
"../../../Engine/Content/BasicShapes/Sphere.uasset" 48
"../../../Engine/Content/BasicShapes/Sphere.uexp" 49
"../../../Engine/Content/BasicShapes/Plane.ubulk" 50
"../../../Engine/Content/BasicShapes/Plane.uasset" 51
"../../../Engine/Content/BasicShapes/Plane.uexp" 52
"../../../Engine/Content/BasicShapes/Cylinder.ubulk" 53
"../../../Engine/Content/BasicShapes/Cylinder.uasset" 54
"../../../Engine/Content/BasicShapes/Cylinder.uexp" 55
"../../../Engine/Content/BasicShapes/Cube.ubulk" 56
"../../../Engine/Content/BasicShapes/Cube.uasset" 57
"../../../Engine/Content/BasicShapes/Cube.uexp" 58
"../../../Engine/Content/BasicShapes/Cone.ubulk" 59
"../../../Engine/Content/BasicShapes/Cone.uasset" 60
"../../../Engine/Content/BasicShapes/Cone.uexp" 61
"../../../Engine/Content/EngineResources/FilmGrains/Marcie_Grain_v3_128_M2_000.uasset" 62
"../../../Engine/Content/EngineResources/FilmGrains/Marcie_Grain_v3_128_M2_000.uexp" 63
"../../../Engine/Content/EngineFonts/Faces/RobotoLight.uexp" 64
"../../../Engine/Content/EngineFonts/Faces/RobotoLight.uasset" 65
"../../../Engine/Content/EngineFonts/Faces/RobotoLight.ufont" 66
"../../../Engine/Content/EngineFonts/Faces/RobotoBold.uexp" 67
"../../../Engine/Content/EngineFonts/Faces/RobotoBold.uasset" 68
"../../../Engine/Content/EngineFonts/Faces/RobotoBold.ufont" 69
"../../../Engine/Content/EngineFonts/Faces/RobotoRegular.uexp" 70
"../../../Engine/Content/EngineFonts/Faces/RobotoRegular.uasset" 71
"../../../Engine/Content/EngineFonts/Faces/RobotoRegular.ufont" 72
"../../../Engine/Content/EngineFonts/Faces/DroidSansFallback.uexp" 73
"../../../Engine/Content/EngineFonts/Faces/DroidSansFallback.uasset" 74
"../../../Engine/Content/EngineFonts/Faces/DroidSansFallback.ufont" 75
"../../../Engine/Content/EngineFonts/Faces/RobotoItalic.uexp" 76
"../../../Engine/Content/EngineFonts/Faces/RobotoItalic.uasset" 77
"../../../Engine/Content/EngineFonts/Faces/RobotoItalic.ufont" 78
"../../../Engine/Content/EngineFonts/Faces/RobotoBoldItalic.uexp" 79
"../../../Engine/Content/EngineFonts/Faces/RobotoBoldItalic.uasset" 80
"../../../Engine/Content/EngineFonts/Faces/RobotoBoldItalic.ufont" 81
"../../../Engine/Content/EngineFonts/Roboto.uasset" 82
"../../../Engine/Content/EngineFonts/Roboto.uexp" 83
"../../../Engine/Content/Functions/Engine_MaterialFunctions02/Utility/MakeFloat4.uasset" 84
"../../../Engine/Content/Functions/Engine_MaterialFunctions02/Utility/MakeFloat4.uexp" 85
"../../../Engine/Content/Functions/Engine_MaterialFunctions02/Utility/MakeFloat3.uasset" 86
"../../../Engine/Content/Functions/Engine_MaterialFunctions02/Utility/MakeFloat3.uexp" 87
"../../../Engine/Content/Functions/Engine_MaterialFunctions02/Utility/BreakOutFloat3Components.uasset" 88
"../../../Engine/Content/Functions/Engine_MaterialFunctions02/Utility/BreakOutFloat3Components.uexp" 89
"../../../Engine/Content/EngineDamageTypes/DmgTypeBP_Environmental.uasset" 90
"../../../Engine/Content/EngineDamageTypes/DmgTypeBP_Environmental.uexp" 91
"../../../Engine/Content/Functions/Engine_MaterialFunctions02/Utility/CameraDirectionVector.uasset" 92
"../../../Engine/Content/Functions/Engine_MaterialFunctions02/Utility/CameraDirectionVector.uexp" 93
"../../../Engine/Content/EngineDebugMaterials/VolumeToRender.uasset" 94
"../../../Engine/Content/EngineDebugMaterials/VolumeToRender.uexp" 95
"../../../Engine/Content/EngineDebugMaterials/M_VolumeRenderSphereTracePP.uasset" 96
"../../../Engine/Content/EngineDebugMaterials/M_VolumeRenderSphereTracePP.uexp" 97
"../../../Engine/Content/EngineDebugMaterials/M_SimpleUnlitTranslucent.uasset" 98
"../../../Engine/Content/EngineDebugMaterials/M_SimpleUnlitTranslucent.uexp" 99
"../../../Engine/Content/EngineDebugMaterials/DebugMeshMaterial.uasset" 100
"../../../Engine/Content/EngineDebugMaterials/DebugMeshMaterial.uexp" 101
"../../../Engine/Content/EngineDebugMaterials/DebugEditorMaterial.uasset" 102
"../../../Engine/Content/EngineDebugMaterials/DebugEditorMaterial.uexp" 103
"../../../Engine/Content/EngineResources/WhiteSquareTexture.uasset" 104
"../../../Engine/Content/EngineResources/WhiteSquareTexture.uexp" 105
"../../../Engine/Content/EngineMaterials/Widget3DPassThrough.uasset" 106
"../../../Engine/Content/EngineMaterials/Widget3DPassThrough.uexp" 107
"../../../Engine/Content/EngineMaterials/Widget3DPassThrough_Translucent.uasset" 108
"../../../Engine/Content/EngineMaterials/Widget3DPassThrough_Translucent.uexp" 109
"../../../Engine/Content/EngineMaterials/Widget3DPassThrough_Translucent_OneSided.uasset" 110
"../../../Engine/Content/EngineMaterials/Widget3DPassThrough_Translucent_OneSided.uexp" 111
"../../../Engine/Content/EngineMaterials/Widget3DPassThrough_Opaque.uasset" 112
"../../../Engine/Content/EngineMaterials/Widget3DPassThrough_Opaque.uexp" 113
"../../../Engine/Content/EngineMaterials/Widget3DPassThrough_Opaque_OneSided.uasset" 114
"../../../Engine/Content/EngineMaterials/Widget3DPassThrough_Opaque_OneSided.uexp" 115
"../../../Engine/Content/EngineMaterials/Widget3DPassThrough_Masked_OneSided.uasset" 116
"../../../Engine/Content/EngineMaterials/Widget3DPassThrough_Masked_OneSided.uexp" 117
"../../../Engine/Content/EngineMaterials/Widget3DPassThrough_Masked.uasset" 118
"../../../Engine/Content/EngineMaterials/Widget3DPassThrough_Masked.uexp" 119
"../../../Engine/Content/EngineMaterials/STBlueNoise_vec2_128x128x64.uasset" 120
"../../../Engine/Content/EngineMaterials/STBlueNoise_vec2_128x128x64.uexp" 121
"../../../Engine/Content/EngineMaterials/STBlueNoise_scalar_128x128x64.uasset" 122
"../../../Engine/Content/EngineMaterials/STBlueNoise_scalar_128x128x64.uexp" 123
"../../../Engine/Content/EngineMaterials/RemoveSurfaceMaterial.uasset" 124
"../../../Engine/Content/EngineMaterials/RemoveSurfaceMaterial.uexp" 125
"../../../Engine/Content/EngineMaterials/DefaultCalibrationGrayscale.uasset" 126
"../../../Engine/Content/EngineMaterials/DefaultCalibrationGrayscale.uexp" 127
"../../../Engine/Content/EngineMaterials/PPM_DefaultCalibrationGrayscale.uasset" 128
"../../../Engine/Content/EngineMaterials/PPM_DefaultCalibrationGrayscale.uexp" 129
"../../../Engine/Content/EngineMaterials/DefaultCalibrationColor.uasset" 130
"../../../Engine/Content/EngineMaterials/DefaultCalibrationColor.uexp" 131
"../../../Engine/Content/EngineMaterials/PPM_DefaultCalibrationColor.uasset" 132
"../../../Engine/Content/EngineMaterials/PPM_DefaultCalibrationColor.uexp" 133
"../../../Engine/Content/Functions/Engine_MaterialFunctions02/WorldPositionOffset/CameraOffset.uasset" 134
"../../../Engine/Content/Functions/Engine_MaterialFunctions02/WorldPositionOffset/CameraOffset.uexp" 135
"../../../Engine/Content/EngineMaterials/PhAT_JointLimitMaterial.uasset" 136
"../../../Engine/Content/EngineMaterials/PhAT_JointLimitMaterial.uexp" 137
"../../../Engine/Content/EngineMaterials/InvalidLightmapSettings.ubulk" 138
"../../../Engine/Content/EngineMaterials/InvalidLightmapSettings.uasset" 139
"../../../Engine/Content/EngineMaterials/InvalidLightmapSettings.uexp" 140
"../../../Engine/Content/EngineMaterials/M_InvalidLightmapSettings.uasset" 141
"../../../Engine/Content/EngineMaterials/M_InvalidLightmapSettings.uexp" 142
"../../../Engine/Content/EngineMaterials/GizmoMaterial.uasset" 143
"../../../Engine/Content/EngineMaterials/GizmoMaterial.uexp" 144
"../../../Engine/Content/EngineMaterials/BaseFlattenEmissiveMap_VT.uasset" 145
"../../../Engine/Content/EngineMaterials/BaseFlattenEmissiveMap_VT.uexp" 146
"../../../Engine/Content/EngineMaterials/BaseFlattenGrayscaleMap_VT.uasset" 147
"../../../Engine/Content/EngineMaterials/BaseFlattenGrayscaleMap_VT.uexp" 148
"../../../Engine/Content/EngineMaterials/BaseFlattenLinearColor_VT.uasset" 149
"../../../Engine/Content/EngineMaterials/BaseFlattenLinearColor_VT.uexp" 150
"../../../Engine/Content/EngineMaterials/Black_1x1_EXR_Texture_VT.uasset" 151
"../../../Engine/Content/EngineMaterials/Black_1x1_EXR_Texture_VT.uexp" 152
"../../../Engine/Content/EngineMaterials/BaseFlattenDiffuseMap_VT.uasset" 153
"../../../Engine/Content/EngineMaterials/BaseFlattenDiffuseMap_VT.uexp" 154
"../../../Engine/Content/EngineMaterials/BaseFlattenNormalMap_VT.uasset" 155
"../../../Engine/Content/EngineMaterials/BaseFlattenNormalMap_VT.uexp" 156
"../../../Engine/Content/EngineMaterials/FlattenMaterial_WS_Normal_VT.uasset" 157
"../../../Engine/Content/EngineMaterials/FlattenMaterial_WS_Normal_VT.uexp" 158
"../../../Engine/Content/EngineMaterials/FlattenMaterial_VT.uasset" 159
"../../../Engine/Content/EngineMaterials/FlattenMaterial_VT.uexp" 160
"../../../Engine/Content/EngineMaterials/BaseFlattenNormalMap.uasset" 161
"../../../Engine/Content/EngineMaterials/BaseFlattenNormalMap.uexp" 162
"../../../Engine/Content/EngineMaterials/BaseFlattenGrayscaleMap.uasset" 163
"../../../Engine/Content/EngineMaterials/BaseFlattenGrayscaleMap.uexp" 164
"../../../Engine/Content/EngineMaterials/BaseFlattenDiffuseMap.uasset" 165
"../../../Engine/Content/EngineMaterials/BaseFlattenDiffuseMap.uexp" 166
"../../../Engine/Content/Functions/Engine_MaterialFunctions02/PivotPainter2/Black_1x1_EXR_Texture.uasset" 167
"../../../Engine/Content/Functions/Engine_MaterialFunctions02/PivotPainter2/Black_1x1_EXR_Texture.uexp" 168
"../../../Engine/Content/EngineMaterials/BaseFlattenEmissiveMap.uasset" 169
"../../../Engine/Content/EngineMaterials/BaseFlattenEmissiveMap.uexp" 170
"../../../Engine/Content/EngineMaterials/BaseFlattenLinearColor.uasset" 171
"../../../Engine/Content/EngineMaterials/BaseFlattenLinearColor.uexp" 172
"../../../Engine/Content/EngineMaterials/FlattenMaterial.uasset" 173
"../../../Engine/Content/EngineMaterials/FlattenMaterial.uexp" 174
"../../../Engine/Content/EngineMaterials/DefaultWhiteGrid_Low.uasset" 175
"../../../Engine/Content/EngineMaterials/DefaultWhiteGrid_Low.uexp" 176
"../../../Engine/Content/EngineMaterials/EmissiveMeshMaterial.uasset" 177
"../../../Engine/Content/EngineMaterials/EmissiveMeshMaterial.uexp" 178
"../../../Engine/Content/EngineFonts/RobotoDistanceField.uasset" 179
"../../../Engine/Content/EngineFonts/RobotoDistanceField.uexp" 180
"../../../Engine/Content/EngineMaterials/DefaultTextMaterialOpaque.uasset" 181
"../../../Engine/Content/EngineMaterials/DefaultTextMaterialOpaque.uexp" 182
"../../../Engine/Content/EngineMaterials/DefaultDiffuse.ubulk" 183
"../../../Engine/Content/EngineMaterials/DefaultDiffuse.uasset" 184
"../../../Engine/Content/EngineMaterials/DefaultDiffuse.uexp" 185
"../../../Engine/Content/Functions/Engine_MaterialFunctions02/Utility/BreakOutFloat2Components.uasset" 186
"../../../Engine/Content/Functions/Engine_MaterialFunctions02/Utility/BreakOutFloat2Components.uexp" 187
"../../../Engine/Content/EngineMaterials/DefaultPostProcessMaterial.uasset" 188
"../../../Engine/Content/EngineMaterials/DefaultPostProcessMaterial.uexp" 189
"../../../Engine/Content/EngineMaterials/DefaultPhysicalMaterial.uasset" 190
"../../../Engine/Content/EngineMaterials/DefaultPhysicalMaterial.uexp" 191
"../../../Engine/Content/EngineMaterials/DefaultLightFunctionMaterial.uasset" 192
"../../../Engine/Content/EngineMaterials/DefaultLightFunctionMaterial.uexp" 193
"../../../Engine/Content/EngineMaterials/DefaultDestructiblePhysicalMaterial.uasset" 194
"../../../Engine/Content/EngineMaterials/DefaultDestructiblePhysicalMaterial.uexp" 195
"../../../Engine/Content/EngineMaterials/DefaultDeferredDecalMaterial.uasset" 196
"../../../Engine/Content/EngineMaterials/DefaultDeferredDecalMaterial.uexp" 197
"../../../Engine/Content/EngineMaterials/DefaultBloomKernel.uasset" 198
"../../../Engine/Content/EngineMaterials/DefaultBloomKernel.uexp" 199
"../../../Engine/Plugins/Runtime/MeshModelingToolset/Content/Materials/M_DynamicMeshComponentVtxColor.uasset" 200
"../../../Engine/Plugins/Runtime/MeshModelingToolset/Content/Materials/M_DynamicMeshComponentVtxColor.uexp" 201
"../../../Engine/Content/EngineSky/VolumetricClouds/CloudWeatherTexture.uasset" 202
"../../../Engine/Content/EngineSky/VolumetricClouds/CloudWeatherTexture.uexp" 203
"../../../Engine/Content/Functions/Engine_MaterialFunctions02/Utility/MakeFloat2.uasset" 204
"../../../Engine/Content/Functions/Engine_MaterialFunctions02/Utility/MakeFloat2.uexp" 205
"../../../Engine/Content/EngineSky/VolumetricClouds/CloudGradientTexture.uasset" 206
"../../../Engine/Content/EngineSky/VolumetricClouds/CloudGradientTexture.uexp" 207
"../../../Engine/Content/EngineSky/VolumetricClouds/T_NoiseShape64.ubulk" 208
"../../../Engine/Content/EngineSky/VolumetricClouds/T_NoiseShape64.uasset" 209
"../../../Engine/Content/EngineSky/VolumetricClouds/T_NoiseShape64.uexp" 210
"../../../Engine/Content/EngineSky/VolumetricClouds/T_VolumeNoiseShape64.uasset" 211
"../../../Engine/Content/EngineSky/VolumetricClouds/T_VolumeNoiseShape64.uexp" 212
"../../../Engine/Content/EngineSky/VolumetricClouds/T_NoiseErosion.ubulk" 213
"../../../Engine/Content/EngineSky/VolumetricClouds/T_NoiseErosion.uasset" 214
"../../../Engine/Content/EngineSky/VolumetricClouds/T_NoiseErosion.uexp" 215
"../../../Engine/Content/EngineSky/VolumetricClouds/T_VolumeNoiseErosion32.uasset" 216
"../../../Engine/Content/EngineSky/VolumetricClouds/T_VolumeNoiseErosion32.uexp" 217
"../../../Engine/Content/EngineSky/VolumetricClouds/m_SimpleVolumetricCloud.uasset" 218
"../../../Engine/Content/EngineSky/VolumetricClouds/m_SimpleVolumetricCloud.uexp" 219
"../../../Engine/Content/EngineSky/VolumetricClouds/m_SimpleVolumetricCloud_Inst.uasset" 220
"../../../Engine/Content/EngineSky/VolumetricClouds/m_SimpleVolumetricCloud_Inst.uexp" 221
"../../../Engine/Content/EngineSounds/Master.uasset" 222
"../../../Engine/Content/EngineSounds/Master.uexp" 223
"../../../Engine/Content/Functions/Engine_MaterialFunctions01/Shading/PowerToRoughness.uasset" 224
"../../../Engine/Content/Functions/Engine_MaterialFunctions01/Shading/PowerToRoughness.uexp" 225
"../../../Engine/Plugins/2D/Paper2D/Content/PlaceholderTextures/DummySpriteTexture.ubulk" 226
"../../../Engine/Plugins/2D/Paper2D/Content/PlaceholderTextures/DummySpriteTexture.uasset" 227
"../../../Engine/Plugins/2D/Paper2D/Content/PlaceholderTextures/DummySpriteTexture.uexp" 228
"../../../Engine/Plugins/2D/Paper2D/Content/DefaultSpriteMaterial.uasset" 229
"../../../Engine/Plugins/2D/Paper2D/Content/DefaultSpriteMaterial.uexp" 230
"../../../Engine/Plugins/2D/Paper2D/Content/OpaqueUnlitSpriteMaterial.uasset" 231
"../../../Engine/Plugins/2D/Paper2D/Content/OpaqueUnlitSpriteMaterial.uexp" 232
"../../../Engine/Plugins/2D/Paper2D/Content/MaskedUnlitSpriteMaterial.uasset" 233
"../../../Engine/Plugins/2D/Paper2D/Content/MaskedUnlitSpriteMaterial.uexp" 234
"../../../Engine/Plugins/2D/Paper2D/Content/DummySprite.uasset" 235
"../../../Engine/Plugins/2D/Paper2D/Content/DummySprite.uexp" 236
"../../../Engine/Plugins/2D/Paper2D/Content/DefaultPaperTerrainMaterial.uasset" 237
"../../../Engine/Plugins/2D/Paper2D/Content/DefaultPaperTerrainMaterial.uexp" 238
"../../../Engine/Plugins/Editor/SpeedTreeImporter/Content/SpeedTree9/game_wind_noise.ubulk" 239
"../../../Engine/Plugins/Editor/SpeedTreeImporter/Content/SpeedTree9/game_wind_noise.uasset" 240
"../../../Engine/Plugins/Editor/SpeedTreeImporter/Content/SpeedTree9/game_wind_noise.uexp" 241
"../../../Engine/Plugins/Editor/SpeedTreeImporter/Content/SpeedTree9/UnpackDirection.uasset" 242
"../../../Engine/Plugins/Editor/SpeedTreeImporter/Content/SpeedTree9/UnpackDirection.uexp" 243
"../../../Engine/Content/Functions/Engine_MaterialFunctions02/ObjectLocalBounds.uasset" 244
"../../../Engine/Content/Functions/Engine_MaterialFunctions02/ObjectLocalBounds.uexp" 245
"../../../Engine/Content/Functions/Engine_MaterialFunctions02/UVs/BoundingBoxBased_0-1_UVW.uasset" 246
"../../../Engine/Content/Functions/Engine_MaterialFunctions02/UVs/BoundingBoxBased_0-1_UVW.uexp" 247
"../../../Engine/Content/Functions/Engine_MaterialFunctions02/Utility/VectorLength.uasset" 248
"../../../Engine/Content/Functions/Engine_MaterialFunctions02/Utility/VectorLength.uexp" 249
"../../../Engine/Plugins/Editor/SpeedTreeImporter/Content/SpeedTree9/UnpackInteger3.uasset" 250
"../../../Engine/Plugins/Editor/SpeedTreeImporter/Content/SpeedTree9/UnpackInteger3.uexp" 251
"../../../Engine/Plugins/Editor/SpeedTreeImporter/Content/SpeedTree9/SpeedTreeCameraFacing.uasset" 252
"../../../Engine/Plugins/Editor/SpeedTreeImporter/Content/SpeedTree9/SpeedTreeCameraFacing.uexp" 253
"../../../Engine/Content/Functions/Engine_MaterialFunctions02/WorldPositionOffset/ObjectScale.uasset" 254
"../../../Engine/Content/Functions/Engine_MaterialFunctions02/WorldPositionOffset/ObjectScale.uexp" 255
"../../../Engine/Content/Functions/Engine_MaterialFunctions02/SafeNormalize.uasset" 256
"../../../Engine/Content/Functions/Engine_MaterialFunctions02/SafeNormalize.uexp" 257
"../../../Engine/Plugins/Editor/SpeedTreeImporter/Content/SpeedTree9/SpeedTreeWindMotion.uasset" 258
"../../../Engine/Plugins/Editor/SpeedTreeImporter/Content/SpeedTree9/SpeedTreeWindMotion.uexp" 259
"../../../Engine/Plugins/Editor/SpeedTreeImporter/Content/SpeedTree9/SpeedTreeBranchMotion.uasset" 260
"../../../Engine/Plugins/Editor/SpeedTreeImporter/Content/SpeedTree9/SpeedTreeBranchMotion.uexp" 261
"../../../Engine/Plugins/Editor/SpeedTreeImporter/Content/SpeedTree9/SpeedTreeWind.uasset" 262
"../../../Engine/Plugins/Editor/SpeedTreeImporter/Content/SpeedTree9/SpeedTreeWind.uexp" 263
"../../../Engine/Plugins/Editor/SpeedTreeImporter/Content/SpeedTree9/EmptyNormal.uasset" 264
"../../../Engine/Plugins/Editor/SpeedTreeImporter/Content/SpeedTree9/EmptyNormal.uexp" 265
"../../../Engine/Plugins/Editor/SpeedTreeImporter/Content/SpeedTree9/Empty.uasset" 266
"../../../Engine/Plugins/Editor/SpeedTreeImporter/Content/SpeedTree9/Empty.uexp" 267
"../../../Engine/Plugins/Editor/SpeedTreeImporter/Content/SpeedTree9/SpeedTreeMaster.uasset" 268
"../../../Engine/Plugins/Editor/SpeedTreeImporter/Content/SpeedTree9/SpeedTreeMaster.uexp" 269
"../../../Engine/Plugins/Editor/SpeedTreeImporter/Content/SpeedTree9/SpeedTreeBillboard.uasset" 270
"../../../Engine/Plugins/Editor/SpeedTreeImporter/Content/SpeedTree9/SpeedTreeBillboard.uexp" 271
"../../../Engine/Plugins/Editor/SpeedTreeImporter/Content/SpeedTree9/SpeedTreeBillboardMaster.uasset" 272
"../../../Engine/Plugins/Editor/SpeedTreeImporter/Content/SpeedTree9/SpeedTreeBillboardMaster.uexp" 273
"../../../Engine/Plugins/Animation/ControlRig/Content/M_Manip.uasset" 274
"../../../Engine/Plugins/Animation/ControlRig/Content/M_Manip.uexp" 275
"../../../Engine/Plugins/Animation/ControlRig/Content/Controls/DefaultGizmoLibraryNormalized.uasset" 276
"../../../Engine/Plugins/Animation/ControlRig/Content/Controls/DefaultGizmoLibraryNormalized.uexp" 277
"../../../Engine/Plugins/Animation/ControlRig/Content/Controls/ControlRig_Wedge_solid.ubulk" 278
"../../../Engine/Plugins/Animation/ControlRig/Content/Controls/ControlRig_Wedge_solid.uasset" 279
"../../../Engine/Plugins/Animation/ControlRig/Content/Controls/ControlRig_Wedge_solid.uexp" 280
"../../../Engine/Plugins/Animation/ControlRig/Content/Controls/ControlRig_Wedge_3mm.ubulk" 281
"../../../Engine/Plugins/Animation/ControlRig/Content/Controls/ControlRig_Wedge_3mm.uasset" 282
"../../../Engine/Plugins/Animation/ControlRig/Content/Controls/ControlRig_Wedge_3mm.uexp" 283
"../../../Engine/Plugins/Animation/ControlRig/Content/Controls/ControlRig_Wedge_1mm.ubulk" 284
"../../../Engine/Plugins/Animation/ControlRig/Content/Controls/ControlRig_Wedge_1mm.uasset" 285
"../../../Engine/Plugins/Animation/ControlRig/Content/Controls/ControlRig_Wedge_1mm.uexp" 286
"../../../Engine/Plugins/Animation/ControlRig/Content/Controls/ControlRig_Triangle_solid.ubulk" 287
"../../../Engine/Plugins/Animation/ControlRig/Content/Controls/ControlRig_Triangle_solid.uasset" 288
"../../../Engine/Plugins/Animation/ControlRig/Content/Controls/ControlRig_Triangle_solid.uexp" 289
"../../../Engine/Plugins/Animation/ControlRig/Content/Controls/ControlRig_Triangle_3mm.ubulk" 290
"../../../Engine/Plugins/Animation/ControlRig/Content/Controls/ControlRig_Triangle_3mm.uasset" 291
"../../../Engine/Plugins/Animation/ControlRig/Content/Controls/ControlRig_Triangle_3mm.uexp" 292
"../../../Engine/Plugins/Animation/ControlRig/Content/Controls/ControlRig_Triangle_1mm.ubulk" 293
"../../../Engine/Plugins/Animation/ControlRig/Content/Controls/ControlRig_Triangle_1mm.uasset" 294
"../../../Engine/Plugins/Animation/ControlRig/Content/Controls/ControlRig_Triangle_1mm.uexp" 295
"../../../Engine/Plugins/Animation/ControlRig/Content/Controls/ControlRig_Star4_solid.ubulk" 296
"../../../Engine/Plugins/Animation/ControlRig/Content/Controls/ControlRig_Star4_solid.uasset" 297
"../../../Engine/Plugins/Animation/ControlRig/Content/Controls/ControlRig_Star4_solid.uexp" 298
"../../../Engine/Plugins/Animation/ControlRig/Content/Controls/ControlRig_Star4_3mm.ubulk" 299
"../../../Engine/Plugins/Animation/ControlRig/Content/Controls/ControlRig_Star4_3mm.uasset" 300
"../../../Engine/Plugins/Animation/ControlRig/Content/Controls/ControlRig_Star4_3mm.uexp" 301
"../../../Engine/Plugins/Animation/ControlRig/Content/Controls/ControlRig_Star4_1mm.ubulk" 302
"../../../Engine/Plugins/Animation/ControlRig/Content/Controls/ControlRig_Star4_1mm.uasset" 303
"../../../Engine/Plugins/Animation/ControlRig/Content/Controls/ControlRig_Star4_1mm.uexp" 304
"../../../Engine/Plugins/Animation/ControlRig/Content/Controls/ControlRig_Square_solid.ubulk" 305
"../../../Engine/Plugins/Animation/ControlRig/Content/Controls/ControlRig_Square_solid.uasset" 306
"../../../Engine/Plugins/Animation/ControlRig/Content/Controls/ControlRig_Square_solid.uexp" 307
"../../../Engine/Plugins/Animation/ControlRig/Content/Controls/ControlRig_Square_3mm.ubulk" 308
"../../../Engine/Plugins/Animation/ControlRig/Content/Controls/ControlRig_Square_3mm.uasset" 309
"../../../Engine/Plugins/Animation/ControlRig/Content/Controls/ControlRig_Square_3mm.uexp" 310
"../../../Engine/Plugins/Animation/ControlRig/Content/Controls/ControlRig_Square_1mm.ubulk" 311
"../../../Engine/Plugins/Animation/ControlRig/Content/Controls/ControlRig_Square_1mm.uasset" 312
"../../../Engine/Plugins/Animation/ControlRig/Content/Controls/ControlRig_Square_1mm.uexp" 313
"../../../Engine/Plugins/Animation/ControlRig/Content/Controls/ControlRig_Sphere_solid.ubulk" 314
"../../../Engine/Plugins/Animation/ControlRig/Content/Controls/ControlRig_Sphere_solid.uasset" 315
"../../../Engine/Plugins/Animation/ControlRig/Content/Controls/ControlRig_Sphere_solid.uexp" 316
"../../../Engine/Plugins/Animation/ControlRig/Content/Controls/ControlRig_Sphere_3mm.ubulk" 317
"../../../Engine/Plugins/Animation/ControlRig/Content/Controls/ControlRig_Sphere_3mm.uasset" 318
"../../../Engine/Plugins/Animation/ControlRig/Content/Controls/ControlRig_Sphere_3mm.uexp" 319
"../../../Engine/Plugins/Animation/ControlRig/Content/Controls/ControlRig_Sphere_1mm.ubulk" 320
"../../../Engine/Plugins/Animation/ControlRig/Content/Controls/ControlRig_Sphere_1mm.uasset" 321
"../../../Engine/Plugins/Animation/ControlRig/Content/Controls/ControlRig_Sphere_1mm.uexp" 322
"../../../Engine/Plugins/Animation/ControlRig/Content/Controls/ControlRig_RoundedTriangle_solid.ubulk" 323
"../../../Engine/Plugins/Animation/ControlRig/Content/Controls/ControlRig_RoundedTriangle_solid.uasset" 324
"../../../Engine/Plugins/Animation/ControlRig/Content/Controls/ControlRig_RoundedTriangle_solid.uexp" 325
"../../../Engine/Plugins/Animation/ControlRig/Content/Controls/ControlRig_RoundedTriangle_3mm.ubulk" 326
"../../../Engine/Plugins/Animation/ControlRig/Content/Controls/ControlRig_RoundedTriangle_3mm.uasset" 327
"../../../Engine/Plugins/Animation/ControlRig/Content/Controls/ControlRig_RoundedTriangle_3mm.uexp" 328
"../../../Engine/Plugins/Animation/ControlRig/Content/Controls/ControlRig_RoundedTriangle_1mm.ubulk" 329
"../../../Engine/Plugins/Animation/ControlRig/Content/Controls/ControlRig_RoundedTriangle_1mm.uasset" 330
"../../../Engine/Plugins/Animation/ControlRig/Content/Controls/ControlRig_RoundedTriangle_1mm.uexp" 331
"../../../Engine/Plugins/Animation/ControlRig/Content/Controls/ControlRig_RoundedSquare_solid.ubulk" 332
"../../../Engine/Plugins/Animation/ControlRig/Content/Controls/ControlRig_RoundedSquare_solid.uasset" 333
"../../../Engine/Plugins/Animation/ControlRig/Content/Controls/ControlRig_RoundedSquare_solid.uexp" 334
"../../../Engine/Plugins/Animation/ControlRig/Content/Controls/ControlRig_RoundedSquare_3mm.ubulk" 335
"../../../Engine/Plugins/Animation/ControlRig/Content/Controls/ControlRig_RoundedSquare_3mm.uasset" 336
"../../../Engine/Plugins/Animation/ControlRig/Content/Controls/ControlRig_RoundedSquare_3mm.uexp" 337
"../../../Engine/Plugins/Animation/ControlRig/Content/Controls/ControlRig_RoundedSquare_1mm.ubulk" 338
"../../../Engine/Plugins/Animation/ControlRig/Content/Controls/ControlRig_RoundedSquare_1mm.uasset" 339
"../../../Engine/Plugins/Animation/ControlRig/Content/Controls/ControlRig_RoundedSquare_1mm.uexp" 340
"../../../Engine/Plugins/Animation/ControlRig/Content/Controls/ControlRig_QuarterCircle_solid.ubulk" 341
"../../../Engine/Plugins/Animation/ControlRig/Content/Controls/ControlRig_QuarterCircle_solid.uasset" 342
"../../../Engine/Plugins/Animation/ControlRig/Content/Controls/ControlRig_QuarterCircle_solid.uexp" 343
"../../../Engine/Plugins/Animation/ControlRig/Content/Controls/ControlRig_QuarterCircle_3mm.ubulk" 344
"../../../Engine/Plugins/Animation/ControlRig/Content/Controls/ControlRig_QuarterCircle_3mm.uasset" 345
"../../../Engine/Plugins/Animation/ControlRig/Content/Controls/ControlRig_QuarterCircle_3mm.uexp" 346
"../../../Engine/Plugins/Animation/ControlRig/Content/Controls/ControlRig_QuarterCircle_1mm.ubulk" 347
"../../../Engine/Plugins/Animation/ControlRig/Content/Controls/ControlRig_QuarterCircle_1mm.uasset" 348
"../../../Engine/Plugins/Animation/ControlRig/Content/Controls/ControlRig_QuarterCircle_1mm.uexp" 349
"../../../Engine/Plugins/Animation/ControlRig/Content/Controls/ControlRig_Pyramid_solid.ubulk" 350
"../../../Engine/Plugins/Animation/ControlRig/Content/Controls/ControlRig_Pyramid_solid.uasset" 351
"../../../Engine/Plugins/Animation/ControlRig/Content/Controls/ControlRig_Pyramid_solid.uexp" 352
"../../../Engine/Plugins/Animation/ControlRig/Content/Controls/ControlRig_Pyramid_3mm.ubulk" 353
"../../../Engine/Plugins/Animation/ControlRig/Content/Controls/ControlRig_Pyramid_3mm.uasset" 354
"../../../Engine/Plugins/Animation/ControlRig/Content/Controls/ControlRig_Pyramid_3mm.uexp" 355
"../../../Engine/Plugins/Animation/ControlRig/Content/Controls/ControlRig_Pyramid_1mm.ubulk" 356
"../../../Engine/Plugins/Animation/ControlRig/Content/Controls/ControlRig_Pyramid_1mm.uasset" 357
"../../../Engine/Plugins/Animation/ControlRig/Content/Controls/ControlRig_Pyramid_1mm.uexp" 358
"../../../Engine/Plugins/Animation/ControlRig/Content/Controls/ControlRig_Octagon_solid.ubulk" 359
"../../../Engine/Plugins/Animation/ControlRig/Content/Controls/ControlRig_Octagon_solid.uasset" 360
"../../../Engine/Plugins/Animation/ControlRig/Content/Controls/ControlRig_Octagon_solid.uexp" 361
"../../../Engine/Plugins/Animation/ControlRig/Content/Controls/ControlRig_Octagon_3mm.ubulk" 362
"../../../Engine/Plugins/Animation/ControlRig/Content/Controls/ControlRig_Octagon_3mm.uasset" 363
"../../../Engine/Plugins/Animation/ControlRig/Content/Controls/ControlRig_Octagon_3mm.uexp" 364
"../../../Engine/Plugins/Animation/ControlRig/Content/Controls/ControlRig_Octagon_1mm.ubulk" 365
"../../../Engine/Plugins/Animation/ControlRig/Content/Controls/ControlRig_Octagon_1mm.uasset" 366
"../../../Engine/Plugins/Animation/ControlRig/Content/Controls/ControlRig_Octagon_1mm.uexp" 367
"../../../Engine/Plugins/Animation/ControlRig/Content/Controls/ControlRig_Hexagon_solid.ubulk" 368
"../../../Engine/Plugins/Animation/ControlRig/Content/Controls/ControlRig_Hexagon_solid.uasset" 369
"../../../Engine/Plugins/Animation/ControlRig/Content/Controls/ControlRig_Hexagon_solid.uexp" 370
"../../../Engine/Plugins/Animation/ControlRig/Content/Controls/ControlRig_Hexagon_3mm.ubulk" 371
"../../../Engine/Plugins/Animation/ControlRig/Content/Controls/ControlRig_Hexagon_3mm.uasset" 372
"../../../Engine/Plugins/Animation/ControlRig/Content/Controls/ControlRig_Hexagon_3mm.uexp" 373
"../../../Engine/Plugins/Animation/ControlRig/Content/Controls/ControlRig_Hexagon_1mm.ubulk" 374
"../../../Engine/Plugins/Animation/ControlRig/Content/Controls/ControlRig_Hexagon_1mm.uasset" 375
"../../../Engine/Plugins/Animation/ControlRig/Content/Controls/ControlRig_Hexagon_1mm.uexp" 376
"../../../Engine/Plugins/Animation/ControlRig/Content/Controls/ControlRig_HalfCircle_solid.ubulk" 377
"../../../Engine/Plugins/Animation/ControlRig/Content/Controls/ControlRig_HalfCircle_solid.uasset" 378
"../../../Engine/Plugins/Animation/ControlRig/Content/Controls/ControlRig_HalfCircle_solid.uexp" 379
"../../../Engine/Plugins/Animation/ControlRig/Content/Controls/ControlRig_HalfCircle_3mm.ubulk" 380
"../../../Engine/Plugins/Animation/ControlRig/Content/Controls/ControlRig_HalfCircle_3mm.uasset" 381
"../../../Engine/Plugins/Animation/ControlRig/Content/Controls/ControlRig_HalfCircle_3mm.uexp" 382
"../../../Engine/Plugins/Animation/ControlRig/Content/Controls/ControlRig_HalfCircle_1mm.ubulk" 383
"../../../Engine/Plugins/Animation/ControlRig/Content/Controls/ControlRig_HalfCircle_1mm.uasset" 384
"../../../Engine/Plugins/Animation/ControlRig/Content/Controls/ControlRig_HalfCircle_1mm.uexp" 385
"../../../Engine/Plugins/Animation/ControlRig/Content/Controls/ControlRig_Diamond_solid.ubulk" 386
"../../../Engine/Plugins/Animation/ControlRig/Content/Controls/ControlRig_Diamond_solid.uasset" 387
"../../../Engine/Plugins/Animation/ControlRig/Content/Controls/ControlRig_Diamond_solid.uexp" 388
"../../../Engine/Plugins/Animation/ControlRig/Content/Controls/ControlRig_Diamond_3mm.ubulk" 389
"../../../Engine/Plugins/Animation/ControlRig/Content/Controls/ControlRig_Diamond_3mm.uasset" 390
"../../../Engine/Plugins/Animation/ControlRig/Content/Controls/ControlRig_Diamond_3mm.uexp" 391
"../../../Engine/Plugins/Animation/ControlRig/Content/Controls/ControlRig_Diamond_1mm.ubulk" 392
"../../../Engine/Plugins/Animation/ControlRig/Content/Controls/ControlRig_Diamond_1mm.uasset" 393
"../../../Engine/Plugins/Animation/ControlRig/Content/Controls/ControlRig_Diamond_1mm.uexp" 394
"../../../Engine/Plugins/Animation/ControlRig/Content/Controls/ControlRig_Circle_solid.ubulk" 395
"../../../Engine/Plugins/Animation/ControlRig/Content/Controls/ControlRig_Circle_solid.uasset" 396
"../../../Engine/Plugins/Animation/ControlRig/Content/Controls/ControlRig_Circle_solid.uexp" 397
"../../../Engine/Plugins/Animation/ControlRig/Content/Controls/ControlRig_Circle_3mm.ubulk" 398
"../../../Engine/Plugins/Animation/ControlRig/Content/Controls/ControlRig_Circle_3mm.uasset" 399
"../../../Engine/Plugins/Animation/ControlRig/Content/Controls/ControlRig_Circle_3mm.uexp" 400
"../../../Engine/Plugins/Animation/ControlRig/Content/Controls/ControlRig_Circle_1mm.ubulk" 401
"../../../Engine/Plugins/Animation/ControlRig/Content/Controls/ControlRig_Circle_1mm.uasset" 402
"../../../Engine/Plugins/Animation/ControlRig/Content/Controls/ControlRig_Circle_1mm.uexp" 403
"../../../Engine/Plugins/Animation/ControlRig/Content/Controls/ControlRig_Box_solid.ubulk" 404
"../../../Engine/Plugins/Animation/ControlRig/Content/Controls/ControlRig_Box_solid.uasset" 405
"../../../Engine/Plugins/Animation/ControlRig/Content/Controls/ControlRig_Box_solid.uexp" 406
"../../../Engine/Plugins/Animation/ControlRig/Content/Controls/ControlRig_Box_3mm.ubulk" 407
"../../../Engine/Plugins/Animation/ControlRig/Content/Controls/ControlRig_Box_3mm.uasset" 408
"../../../Engine/Plugins/Animation/ControlRig/Content/Controls/ControlRig_Box_3mm.uexp" 409
"../../../Engine/Plugins/Animation/ControlRig/Content/Controls/ControlRig_Box_1mm.ubulk" 410
"../../../Engine/Plugins/Animation/ControlRig/Content/Controls/ControlRig_Box_1mm.uasset" 411
"../../../Engine/Plugins/Animation/ControlRig/Content/Controls/ControlRig_Box_1mm.uexp" 412
"../../../Engine/Plugins/Animation/ControlRig/Content/Controls/ControlRig_Arrow_solid.ubulk" 413
"../../../Engine/Plugins/Animation/ControlRig/Content/Controls/ControlRig_Arrow_solid.uasset" 414
"../../../Engine/Plugins/Animation/ControlRig/Content/Controls/ControlRig_Arrow_solid.uexp" 415
"../../../Engine/Plugins/Animation/ControlRig/Content/Controls/ControlRig_Arrow_3mm.ubulk" 416
"../../../Engine/Plugins/Animation/ControlRig/Content/Controls/ControlRig_Arrow_3mm.uasset" 417
"../../../Engine/Plugins/Animation/ControlRig/Content/Controls/ControlRig_Arrow_3mm.uexp" 418
"../../../Engine/Plugins/Animation/ControlRig/Content/Controls/ControlRig_Arrow_1mm.ubulk" 419
"../../../Engine/Plugins/Animation/ControlRig/Content/Controls/ControlRig_Arrow_1mm.uasset" 420
"../../../Engine/Plugins/Animation/ControlRig/Content/Controls/ControlRig_Arrow_1mm.uexp" 421
"../../../Engine/Plugins/Animation/ControlRig/Content/Controls/ControlRig_Arrow4_solid.ubulk" 422
"../../../Engine/Plugins/Animation/ControlRig/Content/Controls/ControlRig_Arrow4_solid.uasset" 423
"../../../Engine/Plugins/Animation/ControlRig/Content/Controls/ControlRig_Arrow4_solid.uexp" 424
"../../../Engine/Plugins/Animation/ControlRig/Content/Controls/ControlRig_Arrow4_3mm.ubulk" 425
"../../../Engine/Plugins/Animation/ControlRig/Content/Controls/ControlRig_Arrow4_3mm.uasset" 426
"../../../Engine/Plugins/Animation/ControlRig/Content/Controls/ControlRig_Arrow4_3mm.uexp" 427
"../../../Engine/Plugins/Animation/ControlRig/Content/Controls/ControlRig_Arrow4_1mm.ubulk" 428
"../../../Engine/Plugins/Animation/ControlRig/Content/Controls/ControlRig_Arrow4_1mm.uasset" 429
"../../../Engine/Plugins/Animation/ControlRig/Content/Controls/ControlRig_Arrow4_1mm.uexp" 430
"../../../Engine/Plugins/Animation/ControlRig/Content/Controls/ControlRig_Arrow2_solid.ubulk" 431
"../../../Engine/Plugins/Animation/ControlRig/Content/Controls/ControlRig_Arrow2_solid.uasset" 432
"../../../Engine/Plugins/Animation/ControlRig/Content/Controls/ControlRig_Arrow2_solid.uexp" 433
"../../../Engine/Plugins/Animation/ControlRig/Content/Controls/ControlRig_Arrow2_3mm.ubulk" 434
"../../../Engine/Plugins/Animation/ControlRig/Content/Controls/ControlRig_Arrow2_3mm.uasset" 435
"../../../Engine/Plugins/Animation/ControlRig/Content/Controls/ControlRig_Arrow2_3mm.uexp" 436
"../../../Engine/Plugins/Animation/ControlRig/Content/Controls/ControlRig_Arrow2_1mm.ubulk" 437
"../../../Engine/Plugins/Animation/ControlRig/Content/Controls/ControlRig_Arrow2_1mm.uasset" 438
"../../../Engine/Plugins/Animation/ControlRig/Content/Controls/ControlRig_Arrow2_1mm.uexp" 439
"../../../Engine/Plugins/Animation/ControlRig/Content/Controls/ControlRigXRayMaterial.uasset" 440
"../../../Engine/Plugins/Animation/ControlRig/Content/Controls/ControlRigXRayMaterial.uexp" 441
"../../../Engine/Plugins/Animation/ControlRig/Content/Controls/ControlRigGizmoMaterial.uasset" 442
"../../../Engine/Plugins/Animation/ControlRig/Content/Controls/ControlRigGizmoMaterial.uexp" 443
"../../../Engine/Content/Functions/Engine_MaterialFunctions02/Texturing/CustomRotator.uasset" 444
"../../../Engine/Content/Functions/Engine_MaterialFunctions02/Texturing/CustomRotator.uexp" 445
"../../../Engine/Content/Functions/Engine_MaterialFunctions02/Texturing/ScreenAlignedPixelToPixelUVs.uasset" 446
"../../../Engine/Content/Functions/Engine_MaterialFunctions02/Texturing/ScreenAlignedPixelToPixelUVs.uexp" 447
"../../../Engine/Plugins/Interchange/Runtime/Content/Utilities/T_Bayer64_Grayscale_64px.uasset" 448
"../../../Engine/Plugins/Interchange/Runtime/Content/Utilities/T_Bayer64_Grayscale_64px.uexp" 449
"../../../Engine/Plugins/Interchange/Runtime/Content/gltf/MaterialFunctions/MF_Temporal_Blur.uasset" 450
"../../../Engine/Plugins/Interchange/Runtime/Content/gltf/MaterialFunctions/MF_Temporal_Blur.uexp" 451
"../../../Engine/Plugins/Interchange/Runtime/Content/gltf/MaterialFunctions/MF_Fresnel_DS.uasset" 452
"../../../Engine/Plugins/Interchange/Runtime/Content/gltf/MaterialFunctions/MF_Fresnel_DS.uexp" 453
"../../../Engine/Plugins/Interchange/Runtime/Content/Functions/MX_Transmission.uasset" 454
"../../../Engine/Plugins/Interchange/Runtime/Content/Functions/MX_Transmission.uexp" 455
"../../../Engine/Plugins/Interchange/Runtime/Content/Functions/MF_OrenNayerView.uasset" 456
"../../../Engine/Plugins/Interchange/Runtime/Content/Functions/MF_OrenNayerView.uexp" 457
"../../../Engine/Plugins/Interchange/Runtime/Content/Functions/MF_SchlickApprox.uasset" 458
"../../../Engine/Plugins/Interchange/Runtime/Content/Functions/MF_SchlickApprox.uexp" 459
"../../../Engine/Plugins/Interchange/Runtime/Content/Utilities/New_LUT.uasset" 460
"../../../Engine/Plugins/Interchange/Runtime/Content/Utilities/New_LUT.uexp" 461
"../../../Engine/Content/Functions/Engine_MaterialFunctions03/Math/RemapValueRange.uasset" 462
"../../../Engine/Content/Functions/Engine_MaterialFunctions03/Math/RemapValueRange.uexp" 463
"../../../Engine/Plugins/Interchange/Runtime/Content/Functions/MF_Iridescence.uasset" 464
"../../../Engine/Plugins/Interchange/Runtime/Content/Functions/MF_Iridescence.uexp" 465
"../../../Engine/Plugins/Interchange/Runtime/Content/Functions/MX_StandardSurface.uasset" 466
"../../../Engine/Plugins/Interchange/Runtime/Content/Functions/MX_StandardSurface.uexp" 467
"../../../Engine/Plugins/Interchange/Runtime/Content/Functions/MX_TransmissionSurface.uasset" 468
"../../../Engine/Plugins/Interchange/Runtime/Content/Functions/MX_TransmissionSurface.uexp" 469
"../../../Engine/Content/Functions/Engine_MaterialFunctions02/Math/AddComponents.uasset" 470
"../../../Engine/Content/Functions/Engine_MaterialFunctions02/Math/AddComponents.uexp" 471
"../../../Engine/Content/Functions/Engine_MaterialFunctions02/WorldPositionOffset/V2/ObjectScale.uasset" 472
"../../../Engine/Content/Functions/Engine_MaterialFunctions02/WorldPositionOffset/V2/ObjectScale.uexp" 473
"../../../Engine/Plugins/Interchange/Runtime/Content/gltf/MaterialFunctions/MF_TransmissionOpacity.uasset" 474
"../../../Engine/Plugins/Interchange/Runtime/Content/gltf/MaterialFunctions/MF_TransmissionOpacity.uexp" 475
"../../../Engine/Plugins/Interchange/Runtime/Content/gltf/MaterialFunctions/MF_RotateV2.uasset" 476
"../../../Engine/Plugins/Interchange/Runtime/Content/gltf/MaterialFunctions/MF_RotateV2.uexp" 477
"../../../Engine/Plugins/Interchange/Runtime/Content/gltf/MaterialFunctions/MF_TransformUVs.uasset" 478
"../../../Engine/Plugins/Interchange/Runtime/Content/gltf/MaterialFunctions/MF_TransformUVs.uexp" 479
"../../../Engine/Plugins/Interchange/Runtime/Content/gltf/Textures/T_White_srgb.uasset" 480
"../../../Engine/Plugins/Interchange/Runtime/Content/gltf/Textures/T_White_srgb.uexp" 481
"../../../Engine/Plugins/Interchange/Runtime/Content/gltf/MaterialFunctions/MF_BaseColor.uasset" 482
"../../../Engine/Plugins/Interchange/Runtime/Content/gltf/MaterialFunctions/MF_BaseColor.uexp" 483
"../../../Engine/Plugins/Interchange/Runtime/Content/gltf/MaterialFunctions/MF_DiffuseSpecGloss.uasset" 484
"../../../Engine/Plugins/Interchange/Runtime/Content/gltf/MaterialFunctions/MF_DiffuseSpecGloss.uexp" 485
"../../../Engine/Plugins/Interchange/Runtime/Content/gltf/Textures/T_White_Linear.uasset" 486
"../../../Engine/Plugins/Interchange/Runtime/Content/gltf/Textures/T_White_Linear.uexp" 487
"../../../Engine/Plugins/Interchange/Runtime/Content/gltf/MaterialFunctions/MF_MetallicRoughness.uasset" 488
"../../../Engine/Plugins/Interchange/Runtime/Content/gltf/MaterialFunctions/MF_MetallicRoughness.uexp" 489
"../../../Engine/Plugins/Interchange/Runtime/Content/gltf/MaterialFunctions/MF_Transmission.uasset" 490
"../../../Engine/Plugins/Interchange/Runtime/Content/gltf/MaterialFunctions/MF_Transmission.uexp" 491
"../../../Engine/Plugins/Interchange/Runtime/Content/gltf/MaterialFunctions/MF_Occlusion.uasset" 492
"../../../Engine/Plugins/Interchange/Runtime/Content/gltf/MaterialFunctions/MF_Occlusion.uexp" 493
"../../../Engine/Plugins/Interchange/Runtime/Content/gltf/MaterialFunctions/MF_Specular.uasset" 494
"../../../Engine/Plugins/Interchange/Runtime/Content/gltf/MaterialFunctions/MF_Specular.uexp" 495
"../../../Engine/Plugins/Interchange/Runtime/Content/gltf/MaterialFunctions/MF_IOR.uasset" 496
"../../../Engine/Plugins/Interchange/Runtime/Content/gltf/MaterialFunctions/MF_IOR.uexp" 497
"../../../Engine/Content/Functions/Engine_MaterialFunctions01/Texturing/FlattenNormal.uasset" 498
"../../../Engine/Content/Functions/Engine_MaterialFunctions01/Texturing/FlattenNormal.uexp" 499
"../../../Engine/Content/Functions/Engine_MaterialFunctions02/Math/Transform3x3Matrix.uasset" 500
"../../../Engine/Content/Functions/Engine_MaterialFunctions02/Math/Transform3x3Matrix.uexp" 501
"../../../Engine/Plugins/Interchange/Runtime/Content/gltf/MaterialFunctions/MF_RotateNormals_TS.uasset" 502
"../../../Engine/Plugins/Interchange/Runtime/Content/gltf/MaterialFunctions/MF_RotateNormals_TS.uexp" 503
"../../../Engine/Plugins/Interchange/Runtime/Content/gltf/Textures/T_Generic_N.uasset" 504
"../../../Engine/Plugins/Interchange/Runtime/Content/gltf/Textures/T_Generic_N.uexp" 505
"../../../Engine/Plugins/Interchange/Runtime/Content/gltf/MaterialFunctions/MF_Normals.uasset" 506
"../../../Engine/Plugins/Interchange/Runtime/Content/gltf/MaterialFunctions/MF_Normals.uexp" 507
"../../../Engine/Plugins/Interchange/Runtime/Content/gltf/MaterialFunctions/MF_PerceivedBrightness.uasset" 508
"../../../Engine/Plugins/Interchange/Runtime/Content/gltf/MaterialFunctions/MF_PerceivedBrightness.uexp" 509
"../../../Engine/Plugins/Interchange/Runtime/Content/gltf/MaterialFunctions/MF_SpecGlossToMetalRoughness.uasset" 510
"../../../Engine/Plugins/Interchange/Runtime/Content/gltf/MaterialFunctions/MF_SpecGlossToMetalRoughness.uexp" 511
"../../../Engine/Plugins/Interchange/Runtime/Content/gltf/M_Transmission.uasset" 512
"../../../Engine/Plugins/Interchange/Runtime/Content/gltf/M_Transmission.uexp" 513
"../../../Engine/Plugins/Interchange/Runtime/Content/gltf/MaterialInstances_MR/MI_Transmission_TS.uasset" 514
"../../../Engine/Plugins/Interchange/Runtime/Content/gltf/MaterialInstances_MR/MI_Transmission_TS.uexp" 515
"../../../Engine/Plugins/Interchange/Runtime/Content/gltf/MaterialInstances_MR/MI_Transmission.uasset" 516
"../../../Engine/Plugins/Interchange/Runtime/Content/gltf/MaterialInstances_MR/MI_Transmission.uexp" 517
"../../../Engine/Plugins/Interchange/Runtime/Content/gltf/MaterialFunctions/MF_Clearcoat.uasset" 518
"../../../Engine/Plugins/Interchange/Runtime/Content/gltf/MaterialFunctions/MF_Clearcoat.uexp" 519
"../../../Engine/Plugins/Interchange/Runtime/Content/gltf/MaterialFunctions/MF_Emissive.uasset" 520
"../../../Engine/Plugins/Interchange/Runtime/Content/gltf/MaterialFunctions/MF_Emissive.uexp" 521
"../../../Engine/Plugins/Interchange/Runtime/Content/gltf/M_Translucent.uasset" 522
"../../../Engine/Plugins/Interchange/Runtime/Content/gltf/M_Translucent.uexp" 523
"../../../Engine/Plugins/Interchange/Runtime/Content/gltf/MaterialInstances_MR/MI_Translucent_TS.uasset" 524
"../../../Engine/Plugins/Interchange/Runtime/Content/gltf/MaterialInstances_MR/MI_Translucent_TS.uexp" 525
"../../../Engine/Plugins/Interchange/Runtime/Content/gltf/MaterialInstances_MR/MI_Translucent_ClearCoat_TS.uasset" 526
"../../../Engine/Plugins/Interchange/Runtime/Content/gltf/MaterialInstances_MR/MI_Translucent_ClearCoat_TS.uexp" 527
"../../../Engine/Plugins/Interchange/Runtime/Content/gltf/MaterialInstances_MR/MI_Translucent_ClearCoat.uasset" 528
"../../../Engine/Plugins/Interchange/Runtime/Content/gltf/MaterialInstances_MR/MI_Translucent_ClearCoat.uexp" 529
"../../../Engine/Plugins/Interchange/Runtime/Content/gltf/MaterialInstances_MR/MI_Translucent.uasset" 530
"../../../Engine/Plugins/Interchange/Runtime/Content/gltf/MaterialInstances_MR/MI_Translucent.uexp" 531
"../../../Engine/Plugins/Interchange/Runtime/Content/gltf/M_Unlit.uasset" 532
"../../../Engine/Plugins/Interchange/Runtime/Content/gltf/M_Unlit.uexp" 533
"../../../Engine/Plugins/Interchange/Runtime/Content/gltf/MaterialInstances_MR/MI_Opaque_Unlit_TS.uasset" 534
"../../../Engine/Plugins/Interchange/Runtime/Content/gltf/MaterialInstances_MR/MI_Opaque_Unlit_TS.uexp" 535
"../../../Engine/Plugins/Interchange/Runtime/Content/gltf/MaterialInstances_MR/MI_Opaque_Unlit.uasset" 536
"../../../Engine/Plugins/Interchange/Runtime/Content/gltf/MaterialInstances_MR/MI_Opaque_Unlit.uexp" 537
"../../../Engine/Plugins/Interchange/Runtime/Content/gltf/M_Opaque.uasset" 538
"../../../Engine/Plugins/Interchange/Runtime/Content/gltf/M_Opaque.uexp" 539
"../../../Engine/Plugins/Interchange/Runtime/Content/gltf/MaterialInstances_MR/MI_Opaque_TS.uasset" 540
"../../../Engine/Plugins/Interchange/Runtime/Content/gltf/MaterialInstances_MR/MI_Opaque_TS.uexp" 541
"../../../Engine/Plugins/Interchange/Runtime/Content/gltf/MaterialFunctions/MF_Sheen.uasset" 542
"../../../Engine/Plugins/Interchange/Runtime/Content/gltf/MaterialFunctions/MF_Sheen.uexp" 543
"../../../Engine/Content/Functions/Engine_MaterialFunctions01/Shading/FuzzyShading.uasset" 544
"../../../Engine/Content/Functions/Engine_MaterialFunctions01/Shading/FuzzyShading.uexp" 545
"../../../Engine/Plugins/Interchange/Runtime/Content/gltf/M_Sheen.uasset" 546
"../../../Engine/Plugins/Interchange/Runtime/Content/gltf/M_Sheen.uexp" 547
"../../../Engine/Plugins/Interchange/Runtime/Content/gltf/MaterialInstances_MR/MI_Opaque_Sheen_TS.uasset" 548
"../../../Engine/Plugins/Interchange/Runtime/Content/gltf/MaterialInstances_MR/MI_Opaque_Sheen_TS.uexp" 549
"../../../Engine/Plugins/Interchange/Runtime/Content/gltf/MaterialInstances_MR/MI_Opaque_Sheen.uasset" 550
"../../../Engine/Plugins/Interchange/Runtime/Content/gltf/MaterialInstances_MR/MI_Opaque_Sheen.uexp" 551
"../../../Engine/Plugins/Interchange/Runtime/Content/gltf/MaterialInstances_MR/MI_Opaque_ClearCoat_TS.uasset" 552
"../../../Engine/Plugins/Interchange/Runtime/Content/gltf/MaterialInstances_MR/MI_Opaque_ClearCoat_TS.uexp" 553
"../../../Engine/Plugins/Interchange/Runtime/Content/gltf/MaterialInstances_MR/MI_Opaque_ClearCoat.uasset" 554
"../../../Engine/Plugins/Interchange/Runtime/Content/gltf/MaterialInstances_MR/MI_Opaque_ClearCoat.uexp" 555
"../../../Engine/Plugins/Interchange/Runtime/Content/gltf/MaterialInstances_MR/MI_Opaque.uasset" 556
"../../../Engine/Plugins/Interchange/Runtime/Content/gltf/MaterialInstances_MR/MI_Opaque.uexp" 557
"../../../Engine/Plugins/Interchange/Runtime/Content/gltf/MaterialInstances_SG/MI_Transmission_TS.uasset" 558
"../../../Engine/Plugins/Interchange/Runtime/Content/gltf/MaterialInstances_SG/MI_Transmission_TS.uexp" 559
"../../../Engine/Plugins/Interchange/Runtime/Content/gltf/MaterialInstances_SG/MI_Transmission.uasset" 560
"../../../Engine/Plugins/Interchange/Runtime/Content/gltf/MaterialInstances_SG/MI_Transmission.uexp" 561
"../../../Engine/Plugins/Interchange/Runtime/Content/gltf/MaterialInstances_SG/MI_Translucent_TS.uasset" 562
"../../../Engine/Plugins/Interchange/Runtime/Content/gltf/MaterialInstances_SG/MI_Translucent_TS.uexp" 563
"../../../Engine/Plugins/Interchange/Runtime/Content/gltf/MaterialInstances_SG/MI_Translucent_ClearCoat_TS.uasset" 564
"../../../Engine/Plugins/Interchange/Runtime/Content/gltf/MaterialInstances_SG/MI_Translucent_ClearCoat_TS.uexp" 565
"../../../Engine/Plugins/Interchange/Runtime/Content/gltf/MaterialInstances_SG/MI_Translucent_ClearCoat.uasset" 566
"../../../Engine/Plugins/Interchange/Runtime/Content/gltf/MaterialInstances_SG/MI_Translucent_ClearCoat.uexp" 567
"../../../Engine/Plugins/Interchange/Runtime/Content/gltf/MaterialInstances_SG/MI_Translucent.uasset" 568
"../../../Engine/Plugins/Interchange/Runtime/Content/gltf/MaterialInstances_SG/MI_Translucent.uexp" 569
"../../../Engine/Plugins/Interchange/Runtime/Content/gltf/MaterialInstances_SG/MI_Opaque_TS.uasset" 570
"../../../Engine/Plugins/Interchange/Runtime/Content/gltf/MaterialInstances_SG/MI_Opaque_TS.uexp" 571
"../../../Engine/Plugins/Interchange/Runtime/Content/gltf/MaterialInstances_SG/MI_Opaque_Sheen_TS.uasset" 572
"../../../Engine/Plugins/Interchange/Runtime/Content/gltf/MaterialInstances_SG/MI_Opaque_Sheen_TS.uexp" 573
"../../../Engine/Plugins/Interchange/Runtime/Content/gltf/MaterialInstances_SG/MI_Opaque_Sheen.uasset" 574
"../../../Engine/Plugins/Interchange/Runtime/Content/gltf/MaterialInstances_SG/MI_Opaque_Sheen.uexp" 575
"../../../Engine/Plugins/Interchange/Runtime/Content/gltf/MaterialInstances_SG/MI_Opaque_ClearCoat_TS.uasset" 576
"../../../Engine/Plugins/Interchange/Runtime/Content/gltf/MaterialInstances_SG/MI_Opaque_ClearCoat_TS.uexp" 577
"../../../Engine/Plugins/Interchange/Runtime/Content/gltf/MaterialInstances_SG/MI_Opaque_ClearCoat.uasset" 578
"../../../Engine/Plugins/Interchange/Runtime/Content/gltf/MaterialInstances_SG/MI_Opaque_ClearCoat.uexp" 579
"../../../Engine/Plugins/Interchange/Runtime/Content/gltf/MaterialInstances_SG/MI_Opaque.uasset" 580
"../../../Engine/Plugins/Interchange/Runtime/Content/gltf/MaterialInstances_SG/MI_Opaque.uexp" 581
"../../../Engine/Plugins/Interchange/Runtime/Content/gltf/Textures/T_Gray_Linear.uasset" 582
"../../../Engine/Plugins/Interchange/Runtime/Content/gltf/Textures/T_Gray_Linear.uexp" 583
"../../../Engine/Plugins/Interchange/Runtime/Content/gltf/Textures/T_Black_srgb.uasset" 584
"../../../Engine/Plugins/Interchange/Runtime/Content/gltf/Textures/T_Black_srgb.uexp" 585
"../../../Engine/Plugins/Interchange/Runtime/Content/Materials/UnlitMaterial.uasset" 586
"../../../Engine/Plugins/Interchange/Runtime/Content/Materials/UnlitMaterial.uexp" 587
"../../../Engine/Content/EngineMaterials/DefaultNormal.ubulk" 588
"../../../Engine/Content/EngineMaterials/DefaultNormal.uasset" 589
"../../../Engine/Content/EngineMaterials/DefaultNormal.uexp" 590
"../../../Engine/Plugins/Interchange/Runtime/Content/Materials/MapOrScalarFunction.uasset" 591
"../../../Engine/Plugins/Interchange/Runtime/Content/Materials/MapOrScalarFunction.uexp" 592
"../../../Engine/Plugins/Interchange/Runtime/Content/Materials/MapOrLinearColorFunction.uasset" 593
"../../../Engine/Plugins/Interchange/Runtime/Content/Materials/MapOrLinearColorFunction.uexp" 594
"../../../Engine/Plugins/Interchange/Runtime/Content/Materials/MapOrColorFunction.uasset" 595
"../../../Engine/Plugins/Interchange/Runtime/Content/Materials/MapOrColorFunction.uexp" 596
"../../../Engine/Plugins/Interchange/Runtime/Content/Materials/CommonMaterial.uasset" 597
"../../../Engine/Plugins/Interchange/Runtime/Content/Materials/CommonMaterial.uexp" 598
"../../../Engine/Plugins/Interchange/Runtime/Content/Materials/PBRSurfaceFunction.uasset" 599
"../../../Engine/Plugins/Interchange/Runtime/Content/Materials/PBRSurfaceFunction.uexp" 600
"../../../Engine/Plugins/Interchange/Runtime/Content/Materials/ThinTranslucentMaterial.uasset" 601
"../../../Engine/Plugins/Interchange/Runtime/Content/Materials/ThinTranslucentMaterial.uexp" 602
"../../../Engine/Plugins/Interchange/Runtime/Content/Materials/SubsurfaceMaterial.uasset" 603
"../../../Engine/Plugins/Interchange/Runtime/Content/Materials/SubsurfaceMaterial.uexp" 604
"../../../Engine/Plugins/Interchange/Runtime/Content/Materials/SheenMaterial.uasset" 605
"../../../Engine/Plugins/Interchange/Runtime/Content/Materials/SheenMaterial.uexp" 606
"../../../Engine/Content/Functions/Engine_MaterialFunctions01/Shading/ConvertFromDiffSpec.uasset" 607
"../../../Engine/Content/Functions/Engine_MaterialFunctions01/Shading/ConvertFromDiffSpec.uexp" 608
"../../../Engine/Plugins/Interchange/Runtime/Content/Materials/PhongSurfaceMaterial.uasset" 609
"../../../Engine/Plugins/Interchange/Runtime/Content/Materials/PhongSurfaceMaterial.uexp" 610
"../../../Engine/Plugins/Interchange/Runtime/Content/Materials/PBRSurfaceMaterial.uasset" 611
"../../../Engine/Plugins/Interchange/Runtime/Content/Materials/PBRSurfaceMaterial.uexp" 612
"../../../Engine/Content/EngineMaterials/FlatNormal.uasset" 613
"../../../Engine/Content/EngineMaterials/FlatNormal.uexp" 614
"../../../Engine/Plugins/Interchange/Runtime/Content/Materials/OrenNayerMaterial.uasset" 615
"../../../Engine/Plugins/Interchange/Runtime/Content/Materials/OrenNayerMaterial.uexp" 616
"../../../Engine/Plugins/Interchange/Runtime/Content/Materials/LambertSurfaceMaterial.uasset" 617
"../../../Engine/Plugins/Interchange/Runtime/Content/Materials/LambertSurfaceMaterial.uexp" 618
"../../../Engine/Plugins/Interchange/Runtime/Content/Materials/ClearCoatMaterial.uasset" 619
"../../../Engine/Plugins/Interchange/Runtime/Content/Materials/ClearCoatMaterial.uexp" 620
"../../../Engine/Plugins/Interchange/Runtime/Content/Pipelines/DefaultTexturePipeline.uasset" 621
"../../../Engine/Plugins/Interchange/Runtime/Content/Pipelines/DefaultTexturePipeline.uexp" 622
"../../../Engine/Plugins/Interchange/Runtime/Content/Pipelines/DefaultSceneLevelPipeline.uasset" 623
"../../../Engine/Plugins/Interchange/Runtime/Content/Pipelines/DefaultSceneLevelPipeline.uexp" 624
"../../../Engine/Plugins/Interchange/Runtime/Content/Pipelines/DefaultSceneAssetsPipeline.uasset" 625
"../../../Engine/Plugins/Interchange/Runtime/Content/Pipelines/DefaultSceneAssetsPipeline.uexp" 626
"../../../Engine/Plugins/Interchange/Runtime/Content/Pipelines/DefaultMaterialPipeline.uasset" 627
"../../../Engine/Plugins/Interchange/Runtime/Content/Pipelines/DefaultMaterialPipeline.uexp" 628
"../../../Engine/Plugins/Interchange/Runtime/Content/Pipelines/DefaultAssetsPipeline.uasset" 629
"../../../Engine/Plugins/Interchange/Runtime/Content/Pipelines/DefaultAssetsPipeline.uexp" 630
"D:/Unreal Engine/Projects/RunnerGame/Content/3DRunner/Materials/M_Colors.uasset" 631
"D:/Unreal Engine/Projects/RunnerGame/Content/3DRunner/Materials/M_Colors.uexp" 632
"D:/Unreal Engine/Projects/RunnerGame/Content/3DRunner/Materials/MI_Brown.uasset" 633
"D:/Unreal Engine/Projects/RunnerGame/Content/3DRunner/Materials/MI_Brown.uexp" 634
"D:/Unreal Engine/Projects/RunnerGame/Content/3DRunner/Materials/MI_Green.uasset" 635
"D:/Unreal Engine/Projects/RunnerGame/Content/3DRunner/Materials/MI_Green.uexp" 636
"D:/Unreal Engine/Projects/RunnerGame/Content/3DRunner/Assets/SM_Tree1.ubulk" 637
"D:/Unreal Engine/Projects/RunnerGame/Content/3DRunner/Assets/SM_Tree1.uasset" 638
"D:/Unreal Engine/Projects/RunnerGame/Content/3DRunner/Assets/SM_Tree1.uexp" 639
"../../../Engine/Content/EngineSky/T_Sky_Stars.ubulk" 640
"../../../Engine/Content/EngineSky/T_Sky_Stars.uasset" 641
"../../../Engine/Content/EngineSky/T_Sky_Stars.uexp" 642
"../../../Engine/Content/EngineSky/T_Sky_Clouds_M.ubulk" 643
"../../../Engine/Content/EngineSky/T_Sky_Clouds_M.uasset" 644
"../../../Engine/Content/EngineSky/T_Sky_Clouds_M.uexp" 645
"../../../Engine/Content/EngineSky/T_Sky_Blue.ubulk" 646
"../../../Engine/Content/EngineSky/T_Sky_Blue.uasset" 647
"../../../Engine/Content/EngineSky/T_Sky_Blue.uexp" 648
"../../../Engine/Content/EngineSky/M_Sky_Panning_Clouds2.uasset" 649
"../../../Engine/Content/EngineSky/M_Sky_Panning_Clouds2.uexp" 650
"../../../Engine/Content/EngineSky/SM_SkySphere.ubulk" 651
"../../../Engine/Content/EngineSky/SM_SkySphere.uasset" 652
"../../../Engine/Content/EngineSky/SM_SkySphere.uexp" 653
"D:/Unreal Engine/Projects/RunnerGame/Content/3DRunner/Audio/S_BackgroundSound.ubulk" 654
"D:/Unreal Engine/Projects/RunnerGame/Content/3DRunner/Audio/S_BackgroundSound.uasset" 655
"D:/Unreal Engine/Projects/RunnerGame/Content/3DRunner/Audio/S_BackgroundSound.uexp" 656
"D:/Unreal Engine/Projects/RunnerGame/Content/3DRunner/Blueprints/Actors/AC_Obstacle.uasset" 657
"D:/Unreal Engine/Projects/RunnerGame/Content/3DRunner/Blueprints/Actors/AC_Obstacle.uexp" 658
"D:/Unreal Engine/Projects/RunnerGame/Content/LevelPrototyping/Materials/M_Solid.uasset" 659
"D:/Unreal Engine/Projects/RunnerGame/Content/LevelPrototyping/Materials/M_Solid.uexp" 660
"D:/Unreal Engine/Projects/RunnerGame/Content/LevelPrototyping/Materials/MI_Solid_Blue.uasset" 661
"D:/Unreal Engine/Projects/RunnerGame/Content/LevelPrototyping/Materials/MI_Solid_Blue.uexp" 662
"D:/Unreal Engine/Projects/RunnerGame/Content/LevelPrototyping/Meshes/SM_ChamferCube.ubulk" 663
"D:/Unreal Engine/Projects/RunnerGame/Content/LevelPrototyping/Meshes/SM_ChamferCube.uasset" 664
"D:/Unreal Engine/Projects/RunnerGame/Content/LevelPrototyping/Meshes/SM_ChamferCube.uexp" 665
"D:/Unreal Engine/Projects/RunnerGame/Content/3DRunner/Blueprints/Actors/AC_Obstacle_Low.uasset" 666
"D:/Unreal Engine/Projects/RunnerGame/Content/3DRunner/Blueprints/Actors/AC_Obstacle_Low.uexp" 667
"D:/Unreal Engine/Projects/RunnerGame/Content/LevelPrototyping/Textures/T_GridChecker_A.ubulk" 668
"D:/Unreal Engine/Projects/RunnerGame/Content/LevelPrototyping/Textures/T_GridChecker_A.uasset" 669
"D:/Unreal Engine/Projects/RunnerGame/Content/LevelPrototyping/Textures/T_GridChecker_A.uexp" 670
"../../../Engine/Content/Functions/Engine_MaterialFunctions01/Gradient/LinearGradient.uasset" 671
"../../../Engine/Content/Functions/Engine_MaterialFunctions01/Gradient/LinearGradient.uexp" 672
"../../../Engine/Content/Functions/Engine_MaterialFunctions01/ImageAdjustment/CheapContrast.uasset" 673
"../../../Engine/Content/Functions/Engine_MaterialFunctions01/ImageAdjustment/CheapContrast.uexp" 674
"D:/Unreal Engine/Projects/RunnerGame/Content/LevelPrototyping/Materials/MF_ProcGrid.uasset" 675
"D:/Unreal Engine/Projects/RunnerGame/Content/LevelPrototyping/Materials/MF_ProcGrid.uexp" 676
"D:/Unreal Engine/Projects/RunnerGame/Content/LevelPrototyping/Materials/M_PrototypeGrid.uasset" 677
"D:/Unreal Engine/Projects/RunnerGame/Content/LevelPrototyping/Materials/M_PrototypeGrid.uexp" 678
"D:/Unreal Engine/Projects/RunnerGame/Content/LevelPrototyping/Materials/MI_PrototypeGrid_Gray.uasset" 679
"D:/Unreal Engine/Projects/RunnerGame/Content/LevelPrototyping/Materials/MI_PrototypeGrid_Gray.uexp" 680
"D:/Unreal Engine/Projects/RunnerGame/Content/LevelPrototyping/Meshes/SM_Cylinder.ubulk" 681
"D:/Unreal Engine/Projects/RunnerGame/Content/LevelPrototyping/Meshes/SM_Cylinder.uasset" 682
"D:/Unreal Engine/Projects/RunnerGame/Content/LevelPrototyping/Meshes/SM_Cylinder.uexp" 683
"D:/Unreal Engine/Projects/RunnerGame/Content/3DRunner/Blueprints/Interfaces/BPI_CharacterAbilities.uasset" 684
"D:/Unreal Engine/Projects/RunnerGame/Content/3DRunner/Blueprints/Interfaces/BPI_CharacterAbilities.uexp" 685
"D:/Unreal Engine/Projects/RunnerGame/Content/3DRunner/Blueprints/Actors/AC_PowerUps.uasset" 686
"D:/Unreal Engine/Projects/RunnerGame/Content/3DRunner/Blueprints/Actors/AC_PowerUps.uexp" 687
"D:/Unreal Engine/Projects/RunnerGame/Content/3DRunner/Blueprints/Actors/AC_PowerUps_Teleport.uasset" 688
"D:/Unreal Engine/Projects/RunnerGame/Content/3DRunner/Blueprints/Actors/AC_PowerUps_Teleport.uexp" 689
"D:/Unreal Engine/Projects/RunnerGame/Content/3DRunner/Materials/MI_MetalGrey.uasset" 690
"D:/Unreal Engine/Projects/RunnerGame/Content/3DRunner/Materials/MI_MetalGrey.uexp" 691
"D:/Unreal Engine/Projects/RunnerGame/Content/3DRunner/Assets/SM_SideRails.ubulk" 692
"D:/Unreal Engine/Projects/RunnerGame/Content/3DRunner/Assets/SM_SideRails.uasset" 693
"D:/Unreal Engine/Projects/RunnerGame/Content/3DRunner/Assets/SM_SideRails.uexp" 694
"D:/Unreal Engine/Projects/RunnerGame/Content/3DRunner/Blueprints/Actors/AC_Tree1.uasset" 695
"D:/Unreal Engine/Projects/RunnerGame/Content/3DRunner/Blueprints/Actors/AC_Tree1.uexp" 696
"D:/Unreal Engine/Projects/RunnerGame/Content/3DRunner/Materials/MI_White.uasset" 697
"D:/Unreal Engine/Projects/RunnerGame/Content/3DRunner/Materials/MI_White.uexp" 698
"D:/Unreal Engine/Projects/RunnerGame/Content/3DRunner/Materials/MI_Black.uasset" 699
"D:/Unreal Engine/Projects/RunnerGame/Content/3DRunner/Materials/MI_Black.uexp" 700
"D:/Unreal Engine/Projects/RunnerGame/Content/3DRunner/Assets/SM_BaseFloor.ubulk" 701
"D:/Unreal Engine/Projects/RunnerGame/Content/3DRunner/Assets/SM_BaseFloor.uasset" 702
"D:/Unreal Engine/Projects/RunnerGame/Content/3DRunner/Assets/SM_BaseFloor.uexp" 703
"D:/Unreal Engine/Projects/RunnerGame/Content/3DRunner/Materials/MI_Ground.uasset" 704
"D:/Unreal Engine/Projects/RunnerGame/Content/3DRunner/Materials/MI_Ground.uexp" 705
"D:/Unreal Engine/Projects/RunnerGame/Content/3DRunner/Assets/SM_Side.ubulk" 706
"D:/Unreal Engine/Projects/RunnerGame/Content/3DRunner/Assets/SM_Side.uasset" 707
"D:/Unreal Engine/Projects/RunnerGame/Content/3DRunner/Assets/SM_Side.uexp" 708
"D:/Unreal Engine/Projects/RunnerGame/Content/LevelPrototyping/Meshes/SM_Ramp.ubulk" 709
"D:/Unreal Engine/Projects/RunnerGame/Content/LevelPrototyping/Meshes/SM_Ramp.uasset" 710
"D:/Unreal Engine/Projects/RunnerGame/Content/LevelPrototyping/Meshes/SM_Ramp.uexp" 711
"D:/Unreal Engine/Projects/RunnerGame/Content/3DRunner/Blueprints/Actors/AC_PowerUps_Sprint.uasset" 712
"D:/Unreal Engine/Projects/RunnerGame/Content/3DRunner/Blueprints/Actors/AC_PowerUps_Sprint.uexp" 713
"D:/Unreal Engine/Projects/RunnerGame/Content/3DRunner/Assets/SM_Tree2.ubulk" 714
"D:/Unreal Engine/Projects/RunnerGame/Content/3DRunner/Assets/SM_Tree2.uasset" 715
"D:/Unreal Engine/Projects/RunnerGame/Content/3DRunner/Assets/SM_Tree2.uexp" 716
"D:/Unreal Engine/Projects/RunnerGame/Content/3DRunner/Blueprints/Actors/AC_Tree2.uasset" 717
"D:/Unreal Engine/Projects/RunnerGame/Content/3DRunner/Blueprints/Actors/AC_Tree2.uexp" 718
"D:/Unreal Engine/Projects/RunnerGame/Content/3DRunner/Blueprints/Actors/AC_Obstacle_Blocker.uasset" 719
"D:/Unreal Engine/Projects/RunnerGame/Content/3DRunner/Blueprints/Actors/AC_Obstacle_Blocker.uexp" 720
"D:/Unreal Engine/Projects/RunnerGame/Content/3DRunner/Blueprints/Actors/AC_BaseFloor.uasset" 721
"D:/Unreal Engine/Projects/RunnerGame/Content/3DRunner/Blueprints/Actors/AC_BaseFloor.uexp" 722
"D:/Unreal Engine/Projects/RunnerGame/Content/3DRunner/Blueprints/PlayerControllers/BP_PC_Game.uasset" 723
"D:/Unreal Engine/Projects/RunnerGame/Content/3DRunner/Blueprints/PlayerControllers/BP_PC_Game.uexp" 724
"D:/Unreal Engine/Projects/RunnerGame/Content/3DRunner/Blueprints/Interfaces/BPI_HUDEvents.uasset" 725
"D:/Unreal Engine/Projects/RunnerGame/Content/3DRunner/Blueprints/Interfaces/BPI_HUDEvents.uexp" 726
"../../../Engine/Content/Animation/DefaultAnimCurveCompressionSettings.uasset" 727
"../../../Engine/Content/Animation/DefaultAnimCurveCompressionSettings.uexp" 728
"D:/Unreal Engine/Projects/RunnerGame/Content/Characters/Mannequins/Meshes/SK_Mannequin.uasset" 729
"D:/Unreal Engine/Projects/RunnerGame/Content/Characters/Mannequins/Meshes/SK_Mannequin.uexp" 730
"../../../Engine/Content/Animation/DefaultAnimBoneCompressionSettings.uasset" 731
"../../../Engine/Content/Animation/DefaultAnimBoneCompressionSettings.uexp" 732
"D:/Unreal Engine/Projects/RunnerGame/Content/Characters/Mannequins/Animations/Manny/MM_Run_Fwd.uasset" 733
"D:/Unreal Engine/Projects/RunnerGame/Content/Characters/Mannequins/Animations/Manny/MM_Run_Fwd.uexp" 734
"D:/Unreal Engine/Projects/RunnerGame/Content/Characters/Mannequins/Animations/Quinn/MF_Run_Fwd.uasset" 735
"D:/Unreal Engine/Projects/RunnerGame/Content/Characters/Mannequins/Animations/Quinn/MF_Run_Fwd.uexp" 736
"D:/Unreal Engine/Projects/RunnerGame/Content/Characters/Mannequins/Animations/Quinn/MF_Walk_Fwd.uasset" 737
"D:/Unreal Engine/Projects/RunnerGame/Content/Characters/Mannequins/Animations/Quinn/MF_Walk_Fwd.uexp" 738
"../../../Engine/Content/Animation/DefaultRecorderBoneCompression.uasset" 739
"../../../Engine/Content/Animation/DefaultRecorderBoneCompression.uexp" 740
"D:/Unreal Engine/Projects/RunnerGame/Content/Characters/Mannequins/Animations/Manny/MM_Walk_InPlace.uasset" 741
"D:/Unreal Engine/Projects/RunnerGame/Content/Characters/Mannequins/Animations/Manny/MM_Walk_InPlace.uexp" 742
"D:/Unreal Engine/Projects/RunnerGame/Content/Characters/Mannequins/Animations/Quinn/BS_MF_Unarmed_WalkRun.uasset" 743
"D:/Unreal Engine/Projects/RunnerGame/Content/Characters/Mannequins/Animations/Quinn/BS_MF_Unarmed_WalkRun.uexp" 744
"D:/Unreal Engine/Projects/RunnerGame/Content/Characters/Mannequins/Animations/Quinn/MF_Idle.uasset" 745
"D:/Unreal Engine/Projects/RunnerGame/Content/Characters/Mannequins/Animations/Quinn/MF_Idle.uexp" 746
"D:/Unreal Engine/Projects/RunnerGame/Content/Characters/Mannequins/Animations/Manny/MM_Fall_Loop.uasset" 747
"D:/Unreal Engine/Projects/RunnerGame/Content/Characters/Mannequins/Animations/Manny/MM_Fall_Loop.uexp" 748
"D:/Unreal Engine/Projects/RunnerGame/Content/Characters/Mannequins/Animations/Manny/MM_Jump.uasset" 749
"D:/Unreal Engine/Projects/RunnerGame/Content/Characters/Mannequins/Animations/Manny/MM_Jump.uexp" 750
"../../../Engine/Plugins/Animation/ControlRig/Content/Controls/DefaultGizmoLibrary.uasset" 751
"../../../Engine/Plugins/Animation/ControlRig/Content/Controls/DefaultGizmoLibrary.uexp" 752
"D:/Unreal Engine/Projects/RunnerGame/Content/Characters/Mannequins/Rigs/CR_Mannequin_BasicFootIK.uasset" 753
"D:/Unreal Engine/Projects/RunnerGame/Content/Characters/Mannequins/Rigs/CR_Mannequin_BasicFootIK.uexp" 754
"D:/Unreal Engine/Projects/RunnerGame/Content/Characters/Mannequins/Animations/Manny/MM_Walk_Fwd.uasset" 755
"D:/Unreal Engine/Projects/RunnerGame/Content/Characters/Mannequins/Animations/Manny/MM_Walk_Fwd.uexp" 756
"D:/Unreal Engine/Projects/RunnerGame/Content/Characters/Mannequins/Animations/Manny/BS_MM_WalkRun.uasset" 757
"D:/Unreal Engine/Projects/RunnerGame/Content/Characters/Mannequins/Animations/Manny/BS_MM_WalkRun.uexp" 758
"D:/Unreal Engine/Projects/RunnerGame/Content/Characters/Mannequins/Animations/Manny/MM_Land.uasset" 759
"D:/Unreal Engine/Projects/RunnerGame/Content/Characters/Mannequins/Animations/Manny/MM_Land.uexp" 760
"D:/Unreal Engine/Projects/RunnerGame/Content/Characters/Mannequins/Animations/Manny/MM_Idle.uasset" 761
"D:/Unreal Engine/Projects/RunnerGame/Content/Characters/Mannequins/Animations/Manny/MM_Idle.uexp" 762
"D:/Unreal Engine/Projects/RunnerGame/Content/Characters/Mannequins/Animations/ABP_Manny.uasset" 763
"D:/Unreal Engine/Projects/RunnerGame/Content/Characters/Mannequins/Animations/ABP_Manny.uexp" 764
"D:/Unreal Engine/Projects/RunnerGame/Content/Characters/Mannequins/Animations/ABP_Quinn.uasset" 765
"D:/Unreal Engine/Projects/RunnerGame/Content/Characters/Mannequins/Animations/ABP_Quinn.uexp" 766
"D:/Unreal Engine/Projects/RunnerGame/Content/Characters/Mannequins/Textures/Manny/T_Manny_02_MSR_MSK.ubulk" 767
"D:/Unreal Engine/Projects/RunnerGame/Content/Characters/Mannequins/Textures/Manny/T_Manny_02_MSR_MSK.uasset" 768
"D:/Unreal Engine/Projects/RunnerGame/Content/Characters/Mannequins/Textures/Manny/T_Manny_02_MSR_MSK.uexp" 769
"D:/Unreal Engine/Projects/RunnerGame/Content/Characters/Mannequins/Textures/Manny/T_Manny_02_CCRCCPlastic_MSK.ubulk" 770
"D:/Unreal Engine/Projects/RunnerGame/Content/Characters/Mannequins/Textures/Manny/T_Manny_02_CCRCCPlastic_MSK.uasset" 771
"D:/Unreal Engine/Projects/RunnerGame/Content/Characters/Mannequins/Textures/Manny/T_Manny_02_CCRCCPlastic_MSK.uexp" 772
"D:/Unreal Engine/Projects/RunnerGame/Content/Characters/Mannequins/Textures/Manny/T_Manny_02_Tan.ubulk" 773
"D:/Unreal Engine/Projects/RunnerGame/Content/Characters/Mannequins/Textures/Manny/T_Manny_02_Tan.uasset" 774
"D:/Unreal Engine/Projects/RunnerGame/Content/Characters/Mannequins/Textures/Manny/T_Manny_02_Tan.uexp" 775
"D:/Unreal Engine/Projects/RunnerGame/Content/Characters/Mannequins/Textures/Manny/T_Manny_02_N.ubulk" 776
"D:/Unreal Engine/Projects/RunnerGame/Content/Characters/Mannequins/Textures/Manny/T_Manny_02_N.uasset" 777
"D:/Unreal Engine/Projects/RunnerGame/Content/Characters/Mannequins/Textures/Manny/T_Manny_02_N.uexp" 778
"D:/Unreal Engine/Projects/RunnerGame/Content/Characters/Mannequins/Textures/Manny/T_Manny_01_N.ubulk" 779
"D:/Unreal Engine/Projects/RunnerGame/Content/Characters/Mannequins/Textures/Manny/T_Manny_01_N.uasset" 780
"D:/Unreal Engine/Projects/RunnerGame/Content/Characters/Mannequins/Textures/Manny/T_Manny_01_N.uexp" 781
"D:/Unreal Engine/Projects/RunnerGame/Content/Characters/Mannequins/Materials/Functions/ChromaticCurve.uasset" 782
"D:/Unreal Engine/Projects/RunnerGame/Content/Characters/Mannequins/Materials/Functions/ChromaticCurve.uexp" 783
"D:/Unreal Engine/Projects/RunnerGame/Content/Characters/Mannequins/Materials/Functions/CA_Mannequin.uasset" 784
"D:/Unreal Engine/Projects/RunnerGame/Content/Characters/Mannequins/Materials/Functions/CA_Mannequin.uexp" 785
"D:/Unreal Engine/Projects/RunnerGame/Content/Characters/Mannequins/Materials/Functions/MF_Diffraction.uasset" 786
"D:/Unreal Engine/Projects/RunnerGame/Content/Characters/Mannequins/Materials/Functions/MF_Diffraction.uexp" 787
"D:/Unreal Engine/Projects/RunnerGame/Content/Characters/Mannequins/Materials/Functions/ML_BaseColorFallOff.uasset" 788
"D:/Unreal Engine/Projects/RunnerGame/Content/Characters/Mannequins/Materials/Functions/ML_BaseColorFallOff.uexp" 789
"../../../Engine/Content/Functions/Engine_MaterialFunctions01/Texturing/ScaleUVsByCenter.uasset" 790
"../../../Engine/Content/Functions/Engine_MaterialFunctions01/Texturing/ScaleUVsByCenter.uexp" 791
"D:/Unreal Engine/Projects/RunnerGame/Content/Characters/Mannequins/Textures/Shared/T_UE_Logo_M.uasset" 792
"D:/Unreal Engine/Projects/RunnerGame/Content/Characters/Mannequins/Textures/Shared/T_UE_Logo_M.uexp" 793
"D:/Unreal Engine/Projects/RunnerGame/Content/Characters/Mannequins/Materials/Functions/MF_logo3layers.uasset" 794
"D:/Unreal Engine/Projects/RunnerGame/Content/Characters/Mannequins/Materials/Functions/MF_logo3layers.uexp" 795
"D:/Unreal Engine/Projects/RunnerGame/Content/Characters/Mannequins/Textures/Manny/T_Manny_01_CCRCCPlastic_MSK.ubulk" 796
"D:/Unreal Engine/Projects/RunnerGame/Content/Characters/Mannequins/Textures/Manny/T_Manny_01_CCRCCPlastic_MSK.uasset" 797
"D:/Unreal Engine/Projects/RunnerGame/Content/Characters/Mannequins/Textures/Manny/T_Manny_01_CCRCCPlastic_MSK.uexp" 798
"D:/Unreal Engine/Projects/RunnerGame/Content/Characters/Mannequins/Textures/Manny/T_Manny_01_ASAOPMASK_MSK.ubulk" 799
"D:/Unreal Engine/Projects/RunnerGame/Content/Characters/Mannequins/Textures/Manny/T_Manny_01_ASAOPMASK_MSK.uasset" 800
"D:/Unreal Engine/Projects/RunnerGame/Content/Characters/Mannequins/Textures/Manny/T_Manny_01_ASAOPMASK_MSK.uexp" 801
"D:/Unreal Engine/Projects/RunnerGame/Content/Characters/Mannequins/Textures/Manny/T_Manny_01_MSR_MSK.ubulk" 802
"D:/Unreal Engine/Projects/RunnerGame/Content/Characters/Mannequins/Textures/Manny/T_Manny_01_MSR_MSK.uasset" 803
"D:/Unreal Engine/Projects/RunnerGame/Content/Characters/Mannequins/Textures/Manny/T_Manny_01_MSR_MSK.uexp" 804
"D:/Unreal Engine/Projects/RunnerGame/Content/Characters/Mannequins/Textures/Manny/T_Manny_01_BN.ubulk" 805
"D:/Unreal Engine/Projects/RunnerGame/Content/Characters/Mannequins/Textures/Manny/T_Manny_01_BN.uasset" 806
"D:/Unreal Engine/Projects/RunnerGame/Content/Characters/Mannequins/Textures/Manny/T_Manny_01_BN.uexp" 807
"D:/Unreal Engine/Projects/RunnerGame/Content/Characters/Mannequins/Textures/Manny/T_Manny_01_D.ubulk" 808
"D:/Unreal Engine/Projects/RunnerGame/Content/Characters/Mannequins/Textures/Manny/T_Manny_01_D.uasset" 809
"D:/Unreal Engine/Projects/RunnerGame/Content/Characters/Mannequins/Textures/Manny/T_Manny_01_D.uexp" 810
"D:/Unreal Engine/Projects/RunnerGame/Content/Characters/Mannequins/Textures/Manny/T_Manny_01_Tan.ubulk" 811
"D:/Unreal Engine/Projects/RunnerGame/Content/Characters/Mannequins/Textures/Manny/T_Manny_01_Tan.uasset" 812
"D:/Unreal Engine/Projects/RunnerGame/Content/Characters/Mannequins/Textures/Manny/T_Manny_01_Tan.uexp" 813
"D:/Unreal Engine/Projects/RunnerGame/Content/Characters/Mannequins/Materials/M_Mannequin.uasset" 814
"D:/Unreal Engine/Projects/RunnerGame/Content/Characters/Mannequins/Materials/M_Mannequin.uexp" 815
"D:/Unreal Engine/Projects/RunnerGame/Content/Characters/Mannequins/Materials/Instances/Manny/MI_Manny_01.uasset" 816
"D:/Unreal Engine/Projects/RunnerGame/Content/Characters/Mannequins/Materials/Instances/Manny/MI_Manny_01.uexp" 817
"D:/Unreal Engine/Projects/RunnerGame/Content/Characters/Mannequins/Textures/Manny/T_Manny_02_BN.ubulk" 818
"D:/Unreal Engine/Projects/RunnerGame/Content/Characters/Mannequins/Textures/Manny/T_Manny_02_BN.uasset" 819
"D:/Unreal Engine/Projects/RunnerGame/Content/Characters/Mannequins/Textures/Manny/T_Manny_02_BN.uexp" 820
"D:/Unreal Engine/Projects/RunnerGame/Content/Characters/Mannequins/Textures/Manny/T_Manny_02_ASAOPMASK_MSK.ubulk" 821
"D:/Unreal Engine/Projects/RunnerGame/Content/Characters/Mannequins/Textures/Manny/T_Manny_02_ASAOPMASK_MSK.uasset" 822
"D:/Unreal Engine/Projects/RunnerGame/Content/Characters/Mannequins/Textures/Manny/T_Manny_02_ASAOPMASK_MSK.uexp" 823
"D:/Unreal Engine/Projects/RunnerGame/Content/Characters/Mannequins/Textures/Manny/T_Manny_02_D.ubulk" 824
"D:/Unreal Engine/Projects/RunnerGame/Content/Characters/Mannequins/Textures/Manny/T_Manny_02_D.uasset" 825
"D:/Unreal Engine/Projects/RunnerGame/Content/Characters/Mannequins/Textures/Manny/T_Manny_02_D.uexp" 826
"D:/Unreal Engine/Projects/RunnerGame/Content/Characters/Mannequins/Materials/Instances/Manny/MI_Manny_02.uasset" 827
"D:/Unreal Engine/Projects/RunnerGame/Content/Characters/Mannequins/Materials/Instances/Manny/MI_Manny_02.uexp" 828
"D:/Unreal Engine/Projects/RunnerGame/Content/Characters/Mannequins/Rigs/PA_Mannequin.uasset" 829
"D:/Unreal Engine/Projects/RunnerGame/Content/Characters/Mannequins/Rigs/PA_Mannequin.uexp" 830
"D:/Unreal Engine/Projects/RunnerGame/Content/Characters/Mannequins/Meshes/SKM_Manny_Simple.uasset" 831
"D:/Unreal Engine/Projects/RunnerGame/Content/Characters/Mannequins/Meshes/SKM_Manny_Simple.uexp" 832
"D:/Unreal Engine/Projects/RunnerGame/Content/3DRunner/Blueprints/Characters/BP_C_GameCharacter.uasset" 833
"D:/Unreal Engine/Projects/RunnerGame/Content/3DRunner/Blueprints/Characters/BP_C_GameCharacter.uexp" 834
"D:/Unreal Engine/Projects/RunnerGame/Content/3DRunner/Audio/S_ButtonClick.ubulk" 835
"D:/Unreal Engine/Projects/RunnerGame/Content/3DRunner/Audio/S_ButtonClick.uasset" 836
"D:/Unreal Engine/Projects/RunnerGame/Content/3DRunner/Audio/S_ButtonClick.uexp" 837
"D:/Unreal Engine/Projects/RunnerGame/Content/3DRunner/UI/WBP_GameOver.uasset" 838
"D:/Unreal Engine/Projects/RunnerGame/Content/3DRunner/UI/WBP_GameOver.uexp" 839
"D:/Unreal Engine/Projects/RunnerGame/Content/3DRunner/UI/WBP_GameHUD.uasset" 840
"D:/Unreal Engine/Projects/RunnerGame/Content/3DRunner/UI/WBP_GameHUD.uexp" 841
"D:/Unreal Engine/Projects/RunnerGame/Content/3DRunner/UI/WBP_MainMenu.uasset" 842
"D:/Unreal Engine/Projects/RunnerGame/Content/3DRunner/UI/WBP_MainMenu.uexp" 843
"D:/Unreal Engine/Projects/RunnerGame/Content/3DRunner/Blueprints/HUDs/BP_HUD_Game.uasset" 844
"D:/Unreal Engine/Projects/RunnerGame/Content/3DRunner/Blueprints/HUDs/BP_HUD_Game.uexp" 845
"D:/Unreal Engine/Projects/RunnerGame/Content/3DRunner/Blueprints/GameModes/BP_GM_Game.uasset" 846
"D:/Unreal Engine/Projects/RunnerGame/Content/3DRunner/Blueprints/GameModes/BP_GM_Game.uexp" 847
"../../../Engine/Content/EngineSky/M_SimpleSkyDome.uasset" 848
"../../../Engine/Content/EngineSky/M_SimpleSkyDome.uexp" 849
"../../../Engine/Plugins/Experimental/Volumetrics/Content/Content/VolumeTextures/Textures/T_Tiling_VoronoiNoise_256.uasset" 850
"../../../Engine/Plugins/Experimental/Volumetrics/Content/Content/VolumeTextures/Textures/T_Tiling_VoronoiNoise_256.uexp" 851
"../../../Engine/Plugins/Experimental/Volumetrics/Content/Content/VolumeTextures/Textures/VT_Voronoi.ubulk" 852
"../../../Engine/Plugins/Experimental/Volumetrics/Content/Content/VolumeTextures/Textures/VT_Voronoi.uasset" 853
"../../../Engine/Plugins/Experimental/Volumetrics/Content/Content/VolumeTextures/Textures/VT_Voronoi.uexp" 854
"../../../Engine/Plugins/Experimental/Volumetrics/Content/Content/VolumeTextures/Textures/T_CurlNoise_16by8_128res_Tiling_9.ubulk" 855
"../../../Engine/Plugins/Experimental/Volumetrics/Content/Content/VolumeTextures/Textures/T_CurlNoise_16by8_128res_Tiling_9.uasset" 856
"../../../Engine/Plugins/Experimental/Volumetrics/Content/Content/VolumeTextures/Textures/T_CurlNoise_16by8_128res_Tiling_9.uexp" 857
"../../../Engine/Plugins/Experimental/Volumetrics/Content/Content/VolumeTextures/Textures/VT_CurlNoise.ubulk" 858
"../../../Engine/Plugins/Experimental/Volumetrics/Content/Content/VolumeTextures/Textures/VT_CurlNoise.uasset" 859
"../../../Engine/Plugins/Experimental/Volumetrics/Content/Content/VolumeTextures/Textures/VT_CurlNoise.uexp" 860
"../../../Engine/Content/MapTemplates/TilingNoise05.ubulk" 861
"../../../Engine/Content/MapTemplates/TilingNoise05.uasset" 862
"../../../Engine/Content/MapTemplates/TilingNoise05.uexp" 863
"../../../Engine/Content/EngineSky/VolumetricClouds/T_NoiseShape.uexp" 864
"../../../Engine/Content/EngineSky/VolumetricClouds/T_NoiseShape.ubulk" 865
"../../../Engine/Content/EngineSky/VolumetricClouds/T_NoiseShape.uasset" 866
"../../../Engine/Content/EngineSky/VolumetricClouds/T_NoiseShape.uptnl" 867
"../../../Engine/Content/EngineSky/VolumetricClouds/T_VolumeNoiseShape128.uasset" 868
"../../../Engine/Content/EngineSky/VolumetricClouds/T_VolumeNoiseShape128.uexp" 869
"../../../Engine/Content/Functions/Engine_MaterialFunctions02/Texturing/Flowmaps_3D.uasset" 870
"../../../Engine/Content/Functions/Engine_MaterialFunctions02/Texturing/Flowmaps_3D.uexp" 871
"../../../Engine/Plugins/Experimental/Volumetrics/Content/Tools/CloudCompositing/Textures/T_CloudMask_01_Storm.uasset" 872
"../../../Engine/Plugins/Experimental/Volumetrics/Content/Tools/CloudCompositing/Textures/T_CloudMask_01_Storm.uexp" 873
"../../../Engine/Plugins/Experimental/Volumetrics/Content/Tools/CloudCompositing/MPC/MPC_Clouds.uasset" 874
"../../../Engine/Plugins/Experimental/Volumetrics/Content/Tools/CloudCompositing/MPC/MPC_Clouds.uexp" 875
"../../../Engine/Plugins/Experimental/Volumetrics/Content/Tools/CloudCompositing/RenderTargets/RT_Flowmap_01.uasset" 876
"../../../Engine/Plugins/Experimental/Volumetrics/Content/Tools/CloudCompositing/RenderTargets/RT_Flowmap_01.uexp" 877
"../../../Engine/Content/Functions/Engine_MaterialFunctions02/Texturing/Flowmaps_2D.uasset" 878
"../../../Engine/Content/Functions/Engine_MaterialFunctions02/Texturing/Flowmaps_2D.uexp" 879
"../../../Engine/Plugins/Experimental/Volumetrics/Content/Tools/CloudCompositing/RenderTargets/RT_CloudMask_01.uasset" 880
"../../../Engine/Plugins/Experimental/Volumetrics/Content/Tools/CloudCompositing/RenderTargets/RT_CloudMask_01.uexp" 881
"../../../Engine/Plugins/Experimental/Volumetrics/Content/Tools/CloudCompositing/Textures/Profile_01.ubulk" 882
"../../../Engine/Plugins/Experimental/Volumetrics/Content/Tools/CloudCompositing/Textures/Profile_01.uasset" 883
"../../../Engine/Plugins/Experimental/Volumetrics/Content/Tools/CloudCompositing/Textures/Profile_01.uexp" 884
"../../../Engine/Content/Functions/Engine_MaterialFunctions02/Math/TimeWithSpeedVariable.uasset" 885
"../../../Engine/Content/Functions/Engine_MaterialFunctions02/Math/TimeWithSpeedVariable.uexp" 886
"../../../Engine/Plugins/Experimental/Volumetrics/Content/Content/Sky/Materials/M_VolumetricCloud_02_Profiles_PaintClouds.uasset" 887
"../../../Engine/Plugins/Experimental/Volumetrics/Content/Content/Sky/Materials/M_VolumetricCloud_02_Profiles_PaintClouds.uexp" 888
"D:/Unreal Engine/Projects/RunnerGame/Content/3DRunner/Maps/Game_Level.uexp" 889
"D:/Unreal Engine/Projects/RunnerGame/Content/3DRunner/Maps/Game_Level.umap" 890
"../../../Engine/Content/Maps/Entry_BuiltData.uasset" 891
"../../../Engine/Content/Maps/Entry_BuiltData.uexp" 892
"../../../Engine/Content/Maps/Entry.uexp" 893
"../../../Engine/Content/Maps/Entry.umap" 894
